/*C1*/SET SCHEMA SYSTEM_LOBS
INSERT INTO BLOCKS VALUES(0,2147483647,0)
COMMIT
/*C2*/SET SCHEMA PUBLIC
DISCONNECT
/*C3*/SET SCHEMA PUBLIC
DISCONNECT
/*C4*/SET SCHEMA PUBLIC
DISCONNECT
/*C5*/SET SCHEMA PUBLIC
DISCONNECT
/*C6*/SET SCHEMA PUBLIC
DISCONNECT
/*C7*/SET SCHEMA PUBLIC
DISCONNECT
/*C8*/SET SCHEMA PUBLIC
DISCONNECT
/*C9*/SET SCHEMA PUBLIC
DISCONNECT
/*C10*/SET SCHEMA PUBLIC
DISCONNECT
/*C11*/SET SCHEMA PUBLIC
DISCONNECT
/*C12*/SET SCHEMA PUBLIC
DISCONNECT
/*C13*/SET SCHEMA PUBLIC
DISCONNECT
/*C14*/SET SCHEMA PUBLIC
DISCONNECT
/*C15*/SET SCHEMA PUBLIC
DISCONNECT
/*C16*/SET SCHEMA PUBLIC
DISCONNECT
/*C17*/SET SCHEMA PUBLIC
DISCONNECT
/*C18*/SET SCHEMA PUBLIC
DISCONNECT
/*C19*/SET SCHEMA PUBLIC
DISCONNECT
/*C20*/SET SCHEMA PUBLIC
DISCONNECT
/*C21*/SET SCHEMA PUBLIC
DISCONNECT
/*C22*/SET SCHEMA PUBLIC
DISCONNECT
/*C23*/SET SCHEMA PUBLIC
DISCONNECT
/*C24*/SET SCHEMA PUBLIC
DISCONNECT
/*C25*/SET SCHEMA PUBLIC
DISCONNECT
/*C26*/SET SCHEMA PUBLIC
DISCONNECT
/*C27*/SET SCHEMA PUBLIC
DISCONNECT
/*C28*/SET SCHEMA PUBLIC
DISCONNECT
/*C29*/SET SCHEMA PUBLIC
DISCONNECT
/*C30*/SET SCHEMA PUBLIC
DISCONNECT
/*C31*/SET SCHEMA PUBLIC
DISCONNECT
/*C32*/SET SCHEMA PUBLIC
DISCONNECT
/*C33*/SET SCHEMA PUBLIC
DISCONNECT
/*C34*/SET SCHEMA PUBLIC
DISCONNECT
/*C35*/SET SCHEMA PUBLIC
DISCONNECT
/*C36*/SET SCHEMA PUBLIC
DISCONNECT
/*C37*/SET SCHEMA PUBLIC
DISCONNECT
/*C38*/SET SCHEMA PUBLIC
 create table pizza_size( id integer not null, s_status integer default 1 not null ,  -- 0 = inactive, 1 = active\u000a size_name varchar(30) not null, primary key (id), unique (size_name))
  create table pizza_orders( id integer not null, room_number integer not null, size_id integer not null, day integer not null, status integer not null, primary key(id), constraint po_size_id foreign key (size_id) references pizza_size(id))
   create table toppings( id integer not null, t_status integer default 1 not null,  -- 0 = inactive, 1 = active\u000a topping_name varchar(30) not null, primary key(id), unique (topping_name))
  create table order_topping ( order_id integer not null, topping_id integer not null, primary key (order_id, topping_id), constraint ot_order_id foreign key (order_id) references pizza_orders (id), constraint ot_topping_id foreign key (topping_id) references toppings(id))
  create table pizza_sys_tab ( id integer not null, current_day integer not null, primary key(id))
INSERT INTO PIZZA_SYS_TAB VALUES(1,1)
COMMIT
  CREATE TABLE PIZZA_ID_GEN (GEN_NAME VARCHAR(50) NOT NULL, GEN_VAL INTEGER, PRIMARY KEY (GEN_NAME))
INSERT INTO PIZZA_ID_GEN VALUES('Ordno_Gen',0)
INSERT INTO PIZZA_ID_GEN VALUES('SizeId_Gen',0)
INSERT INTO PIZZA_ID_GEN VALUES('ToppingId_Gen',0)
COMMIT
DISCONNECT
/*C39*/SET SCHEMA PUBLIC
DISCONNECT
/*C40*/SET SCHEMA PUBLIC
DELETE FROM PIZZA_SYS_TAB WHERE ID=1
DELETE FROM PIZZA_ID_GEN WHERE GEN_NAME='Ordno_Gen'
DELETE FROM PIZZA_ID_GEN WHERE GEN_NAME='SizeId_Gen'
DELETE FROM PIZZA_ID_GEN WHERE GEN_NAME='ToppingId_Gen'
INSERT INTO PIZZA_SYS_TAB VALUES(1,1)
INSERT INTO PIZZA_ID_GEN VALUES('Ordno_Gen',0)
INSERT INTO PIZZA_ID_GEN VALUES('SizeId_Gen',0)
INSERT INTO PIZZA_ID_GEN VALUES('ToppingId_Gen',0)
COMMIT
DELETE FROM PIZZA_ID_GEN WHERE GEN_NAME='ToppingId_Gen'
INSERT INTO PIZZA_ID_GEN VALUES('ToppingId_Gen',50)
INSERT INTO TOPPINGS VALUES(1,1,'anchovies')
COMMIT
DELETE FROM TOPPINGS WHERE ID=1
DELETE FROM PIZZA_SYS_TAB WHERE ID=1
DELETE FROM PIZZA_ID_GEN WHERE GEN_NAME='Ordno_Gen'
DELETE FROM PIZZA_ID_GEN WHERE GEN_NAME='SizeId_Gen'
DELETE FROM PIZZA_ID_GEN WHERE GEN_NAME='ToppingId_Gen'
INSERT INTO PIZZA_SYS_TAB VALUES(1,1)
INSERT INTO PIZZA_ID_GEN VALUES('Ordno_Gen',0)
INSERT INTO PIZZA_ID_GEN VALUES('SizeId_Gen',0)
INSERT INTO PIZZA_ID_GEN VALUES('ToppingId_Gen',0)
COMMIT
INSERT INTO TOPPINGS VALUES(2,1,'anchovies')
DELETE FROM TOPPINGS WHERE ID=2
INSERT INTO TOPPINGS VALUES(2,1,'anchovies')
COMMIT
DELETE FROM TOPPINGS WHERE ID=2
DELETE FROM PIZZA_SYS_TAB WHERE ID=1
DELETE FROM PIZZA_ID_GEN WHERE GEN_NAME='Ordno_Gen'
DELETE FROM PIZZA_ID_GEN WHERE GEN_NAME='SizeId_Gen'
DELETE FROM PIZZA_ID_GEN WHERE GEN_NAME='ToppingId_Gen'
INSERT INTO PIZZA_SYS_TAB VALUES(1,1)
INSERT INTO PIZZA_ID_GEN VALUES('Ordno_Gen',0)
INSERT INTO PIZZA_ID_GEN VALUES('SizeId_Gen',0)
INSERT INTO PIZZA_ID_GEN VALUES('ToppingId_Gen',0)
COMMIT
DELETE FROM PIZZA_SYS_TAB WHERE ID=1
DELETE FROM PIZZA_ID_GEN WHERE GEN_NAME='Ordno_Gen'
DELETE FROM PIZZA_ID_GEN WHERE GEN_NAME='SizeId_Gen'
DELETE FROM PIZZA_ID_GEN WHERE GEN_NAME='ToppingId_Gen'
INSERT INTO PIZZA_SYS_TAB VALUES(1,1)
INSERT INTO PIZZA_ID_GEN VALUES('Ordno_Gen',0)
INSERT INTO PIZZA_ID_GEN VALUES('SizeId_Gen',0)
INSERT INTO PIZZA_ID_GEN VALUES('ToppingId_Gen',0)
COMMIT
DELETE FROM PIZZA_SYS_TAB WHERE ID=1
DELETE FROM PIZZA_ID_GEN WHERE GEN_NAME='Ordno_Gen'
DELETE FROM PIZZA_ID_GEN WHERE GEN_NAME='SizeId_Gen'
DELETE FROM PIZZA_ID_GEN WHERE GEN_NAME='ToppingId_Gen'
INSERT INTO PIZZA_SYS_TAB VALUES(1,1)
INSERT INTO PIZZA_ID_GEN VALUES('Ordno_Gen',0)
INSERT INTO PIZZA_ID_GEN VALUES('SizeId_Gen',0)
INSERT INTO PIZZA_ID_GEN VALUES('ToppingId_Gen',0)
COMMIT
DELETE FROM PIZZA_ID_GEN WHERE GEN_NAME='SizeId_Gen'
INSERT INTO PIZZA_ID_GEN VALUES('SizeId_Gen',50)
COMMIT
INSERT INTO PIZZA_SIZE VALUES(1,1,'small')
INSERT INTO TOPPINGS VALUES(4,1,'pepperoni')
DELETE FROM PIZZA_ID_GEN WHERE GEN_NAME='Ordno_Gen'
INSERT INTO PIZZA_ID_GEN VALUES('Ordno_Gen',50)
INSERT INTO PIZZA_ORDERS VALUES(1,5,1,1,1)
INSERT INTO ORDER_TOPPING VALUES(1,4)
COMMIT
DISCONNECT
/*C41*/SET SCHEMA PUBLIC
DISCONNECT
/*C42*/SET SCHEMA PUBLIC
DELETE FROM ORDER_TOPPING WHERE ORDER_ID=1 AND TOPPING_ID=4
DELETE FROM TOPPINGS WHERE ID=4
DELETE FROM PIZZA_ORDERS WHERE ID=1
DELETE FROM PIZZA_SIZE WHERE ID=1
DELETE FROM PIZZA_SYS_TAB WHERE ID=1
DELETE FROM PIZZA_ID_GEN WHERE GEN_NAME='Ordno_Gen'
DELETE FROM PIZZA_ID_GEN WHERE GEN_NAME='SizeId_Gen'
DELETE FROM PIZZA_ID_GEN WHERE GEN_NAME='ToppingId_Gen'
INSERT INTO PIZZA_SYS_TAB VALUES(1,1)
INSERT INTO PIZZA_ID_GEN VALUES('Ordno_Gen',0)
INSERT INTO PIZZA_ID_GEN VALUES('SizeId_Gen',0)
INSERT INTO PIZZA_ID_GEN VALUES('ToppingId_Gen',0)
COMMIT
DISCONNECT
/*C43*/SET SCHEMA PUBLIC
DISCONNECT
/*C44*/SET SCHEMA PUBLIC
DELETE FROM PIZZA_SYS_TAB WHERE ID=1
DELETE FROM PIZZA_ID_GEN WHERE GEN_NAME='Ordno_Gen'
DELETE FROM PIZZA_ID_GEN WHERE GEN_NAME='SizeId_Gen'
DELETE FROM PIZZA_ID_GEN WHERE GEN_NAME='ToppingId_Gen'
INSERT INTO PIZZA_SYS_TAB VALUES(1,1)
INSERT INTO PIZZA_ID_GEN VALUES('Ordno_Gen',0)
INSERT INTO PIZZA_ID_GEN VALUES('SizeId_Gen',0)
INSERT INTO PIZZA_ID_GEN VALUES('ToppingId_Gen',0)
COMMIT
DISCONNECT
/*C45*/SET SCHEMA PUBLIC
DISCONNECT
/*C46*/SET SCHEMA PUBLIC
DELETE FROM PIZZA_SYS_TAB WHERE ID=1
DELETE FROM PIZZA_ID_GEN WHERE GEN_NAME='Ordno_Gen'
DELETE FROM PIZZA_ID_GEN WHERE GEN_NAME='SizeId_Gen'
DELETE FROM PIZZA_ID_GEN WHERE GEN_NAME='ToppingId_Gen'
INSERT INTO PIZZA_SYS_TAB VALUES(1,1)
INSERT INTO PIZZA_ID_GEN VALUES('Ordno_Gen',0)
INSERT INTO PIZZA_ID_GEN VALUES('SizeId_Gen',0)
INSERT INTO PIZZA_ID_GEN VALUES('ToppingId_Gen',0)
COMMIT
DELETE FROM PIZZA_ID_GEN WHERE GEN_NAME='SizeId_Gen'
INSERT INTO PIZZA_ID_GEN VALUES('SizeId_Gen',50)
COMMIT
INSERT INTO PIZZA_SIZE VALUES(1,1,'small')
COMMIT
DISCONNECT
/*C47*/SET SCHEMA PUBLIC
DISCONNECT
/*C48*/SET SCHEMA PUBLIC
DELETE FROM PIZZA_SIZE WHERE ID=1
DELETE FROM PIZZA_SYS_TAB WHERE ID=1
DELETE FROM PIZZA_ID_GEN WHERE GEN_NAME='Ordno_Gen'
DELETE FROM PIZZA_ID_GEN WHERE GEN_NAME='SizeId_Gen'
DELETE FROM PIZZA_ID_GEN WHERE GEN_NAME='ToppingId_Gen'
INSERT INTO PIZZA_SYS_TAB VALUES(1,1)
INSERT INTO PIZZA_ID_GEN VALUES('Ordno_Gen',0)
INSERT INTO PIZZA_ID_GEN VALUES('SizeId_Gen',0)
INSERT INTO PIZZA_ID_GEN VALUES('ToppingId_Gen',0)
COMMIT
DELETE FROM PIZZA_ID_GEN WHERE GEN_NAME='ToppingId_Gen'
INSERT INTO PIZZA_ID_GEN VALUES('ToppingId_Gen',50)
INSERT INTO TOPPINGS VALUES(1,1,'mushrooms')
COMMIT
DISCONNECT
/*C49*/SET SCHEMA PUBLIC
DISCONNECT
/*C50*/SET SCHEMA PUBLIC
DELETE FROM TOPPINGS WHERE ID=1
DELETE FROM PIZZA_SYS_TAB WHERE ID=1
DELETE FROM PIZZA_ID_GEN WHERE GEN_NAME='Ordno_Gen'
DELETE FROM PIZZA_ID_GEN WHERE GEN_NAME='SizeId_Gen'
DELETE FROM PIZZA_ID_GEN WHERE GEN_NAME='ToppingId_Gen'
INSERT INTO PIZZA_SYS_TAB VALUES(1,1)
INSERT INTO PIZZA_ID_GEN VALUES('Ordno_Gen',0)
INSERT INTO PIZZA_ID_GEN VALUES('SizeId_Gen',0)
INSERT INTO PIZZA_ID_GEN VALUES('ToppingId_Gen',0)
COMMIT
DELETE FROM PIZZA_ID_GEN WHERE GEN_NAME='SizeId_Gen'
INSERT INTO PIZZA_ID_GEN VALUES('SizeId_Gen',50)
COMMIT
INSERT INTO PIZZA_SIZE VALUES(1,1,'small')
COMMIT
DISCONNECT
/*C51*/SET SCHEMA PUBLIC
DISCONNECT
/*C52*/SET SCHEMA PUBLIC
DELETE FROM PIZZA_SIZE WHERE ID=1
DELETE FROM PIZZA_SYS_TAB WHERE ID=1
DELETE FROM PIZZA_ID_GEN WHERE GEN_NAME='Ordno_Gen'
DELETE FROM PIZZA_ID_GEN WHERE GEN_NAME='SizeId_Gen'
DELETE FROM PIZZA_ID_GEN WHERE GEN_NAME='ToppingId_Gen'
INSERT INTO PIZZA_SYS_TAB VALUES(1,1)
INSERT INTO PIZZA_ID_GEN VALUES('Ordno_Gen',0)
INSERT INTO PIZZA_ID_GEN VALUES('SizeId_Gen',0)
INSERT INTO PIZZA_ID_GEN VALUES('ToppingId_Gen',0)
COMMIT
DELETE FROM PIZZA_ID_GEN WHERE GEN_NAME='ToppingId_Gen'
INSERT INTO PIZZA_ID_GEN VALUES('ToppingId_Gen',50)
INSERT INTO TOPPINGS VALUES(1,1,'xxx')
COMMIT
DISCONNECT
/*C53*/SET SCHEMA PUBLIC
DISCONNECT
/*C54*/SET SCHEMA PUBLIC
DELETE FROM TOPPINGS WHERE ID=1
DELETE FROM PIZZA_SYS_TAB WHERE ID=1
DELETE FROM PIZZA_ID_GEN WHERE GEN_NAME='Ordno_Gen'
DELETE FROM PIZZA_ID_GEN WHERE GEN_NAME='SizeId_Gen'
DELETE FROM PIZZA_ID_GEN WHERE GEN_NAME='ToppingId_Gen'
INSERT INTO PIZZA_SYS_TAB VALUES(1,1)
INSERT INTO PIZZA_ID_GEN VALUES('Ordno_Gen',0)
INSERT INTO PIZZA_ID_GEN VALUES('SizeId_Gen',0)
INSERT INTO PIZZA_ID_GEN VALUES('ToppingId_Gen',0)
COMMIT
DELETE FROM PIZZA_ID_GEN WHERE GEN_NAME='SizeId_Gen'
INSERT INTO PIZZA_ID_GEN VALUES('SizeId_Gen',50)
COMMIT
INSERT INTO PIZZA_SIZE VALUES(1,1,'small')
COMMIT
DISCONNECT
/*C55*/SET SCHEMA PUBLIC
DISCONNECT
/*C56*/SET SCHEMA PUBLIC
DELETE FROM PIZZA_SIZE WHERE ID=1
DELETE FROM PIZZA_SYS_TAB WHERE ID=1
DELETE FROM PIZZA_ID_GEN WHERE GEN_NAME='Ordno_Gen'
DELETE FROM PIZZA_ID_GEN WHERE GEN_NAME='SizeId_Gen'
DELETE FROM PIZZA_ID_GEN WHERE GEN_NAME='ToppingId_Gen'
INSERT INTO PIZZA_SYS_TAB VALUES(1,1)
INSERT INTO PIZZA_ID_GEN VALUES('Ordno_Gen',0)
INSERT INTO PIZZA_ID_GEN VALUES('SizeId_Gen',0)
INSERT INTO PIZZA_ID_GEN VALUES('ToppingId_Gen',0)
COMMIT
DELETE FROM PIZZA_ID_GEN WHERE GEN_NAME='SizeId_Gen'
INSERT INTO PIZZA_ID_GEN VALUES('SizeId_Gen',50)
COMMIT
INSERT INTO PIZZA_SIZE VALUES(1,1,'small')
COMMIT
DELETE FROM PIZZA_SIZE WHERE ID=1
INSERT INTO PIZZA_SIZE VALUES(1,0,'small')
COMMIT
DISCONNECT
/*C57*/SET SCHEMA PUBLIC
DISCONNECT
/*C58*/SET SCHEMA PUBLIC
DELETE FROM PIZZA_SIZE WHERE ID=1
DELETE FROM PIZZA_SYS_TAB WHERE ID=1
DELETE FROM PIZZA_ID_GEN WHERE GEN_NAME='Ordno_Gen'
DELETE FROM PIZZA_ID_GEN WHERE GEN_NAME='SizeId_Gen'
DELETE FROM PIZZA_ID_GEN WHERE GEN_NAME='ToppingId_Gen'
INSERT INTO PIZZA_SYS_TAB VALUES(1,1)
INSERT INTO PIZZA_ID_GEN VALUES('Ordno_Gen',0)
INSERT INTO PIZZA_ID_GEN VALUES('SizeId_Gen',0)
INSERT INTO PIZZA_ID_GEN VALUES('ToppingId_Gen',0)
COMMIT
DELETE FROM PIZZA_ID_GEN WHERE GEN_NAME='ToppingId_Gen'
INSERT INTO PIZZA_ID_GEN VALUES('ToppingId_Gen',50)
INSERT INTO TOPPINGS VALUES(1,1,'anchovies')
COMMIT
DELETE FROM TOPPINGS WHERE ID=1
DELETE FROM PIZZA_SYS_TAB WHERE ID=1
DELETE FROM PIZZA_ID_GEN WHERE GEN_NAME='Ordno_Gen'
DELETE FROM PIZZA_ID_GEN WHERE GEN_NAME='SizeId_Gen'
DELETE FROM PIZZA_ID_GEN WHERE GEN_NAME='ToppingId_Gen'
INSERT INTO PIZZA_SYS_TAB VALUES(1,1)
INSERT INTO PIZZA_ID_GEN VALUES('Ordno_Gen',0)
INSERT INTO PIZZA_ID_GEN VALUES('SizeId_Gen',0)
INSERT INTO PIZZA_ID_GEN VALUES('ToppingId_Gen',0)
COMMIT
INSERT INTO TOPPINGS VALUES(2,1,'anchovies')
DELETE FROM TOPPINGS WHERE ID=2
INSERT INTO TOPPINGS VALUES(2,1,'anchovies')
COMMIT
DELETE FROM TOPPINGS WHERE ID=2
DELETE FROM PIZZA_SYS_TAB WHERE ID=1
DELETE FROM PIZZA_ID_GEN WHERE GEN_NAME='Ordno_Gen'
DELETE FROM PIZZA_ID_GEN WHERE GEN_NAME='SizeId_Gen'
DELETE FROM PIZZA_ID_GEN WHERE GEN_NAME='ToppingId_Gen'
INSERT INTO PIZZA_SYS_TAB VALUES(1,1)
INSERT INTO PIZZA_ID_GEN VALUES('Ordno_Gen',0)
INSERT INTO PIZZA_ID_GEN VALUES('SizeId_Gen',0)
INSERT INTO PIZZA_ID_GEN VALUES('ToppingId_Gen',0)
COMMIT
DELETE FROM PIZZA_SYS_TAB WHERE ID=1
DELETE FROM PIZZA_ID_GEN WHERE GEN_NAME='Ordno_Gen'
DELETE FROM PIZZA_ID_GEN WHERE GEN_NAME='SizeId_Gen'
DELETE FROM PIZZA_ID_GEN WHERE GEN_NAME='ToppingId_Gen'
INSERT INTO PIZZA_SYS_TAB VALUES(1,1)
INSERT INTO PIZZA_ID_GEN VALUES('Ordno_Gen',0)
INSERT INTO PIZZA_ID_GEN VALUES('SizeId_Gen',0)
INSERT INTO PIZZA_ID_GEN VALUES('ToppingId_Gen',0)
COMMIT
DELETE FROM PIZZA_SYS_TAB WHERE ID=1
DELETE FROM PIZZA_ID_GEN WHERE GEN_NAME='Ordno_Gen'
DELETE FROM PIZZA_ID_GEN WHERE GEN_NAME='SizeId_Gen'
DELETE FROM PIZZA_ID_GEN WHERE GEN_NAME='ToppingId_Gen'
INSERT INTO PIZZA_SYS_TAB VALUES(1,1)
INSERT INTO PIZZA_ID_GEN VALUES('Ordno_Gen',0)
INSERT INTO PIZZA_ID_GEN VALUES('SizeId_Gen',0)
INSERT INTO PIZZA_ID_GEN VALUES('ToppingId_Gen',0)
COMMIT
DELETE FROM PIZZA_ID_GEN WHERE GEN_NAME='SizeId_Gen'
INSERT INTO PIZZA_ID_GEN VALUES('SizeId_Gen',50)
COMMIT
INSERT INTO PIZZA_SIZE VALUES(1,1,'small')
INSERT INTO TOPPINGS VALUES(4,1,'pepperoni')
DELETE FROM PIZZA_ID_GEN WHERE GEN_NAME='Ordno_Gen'
INSERT INTO PIZZA_ID_GEN VALUES('Ordno_Gen',50)
INSERT INTO PIZZA_ORDERS VALUES(1,5,1,1,1)
INSERT INTO ORDER_TOPPING VALUES(1,4)
COMMIT
DISCONNECT
/*C59*/SET SCHEMA PUBLIC
DISCONNECT
/*C60*/SET SCHEMA PUBLIC
DELETE FROM ORDER_TOPPING WHERE ORDER_ID=1 AND TOPPING_ID=4
DELETE FROM TOPPINGS WHERE ID=4
DELETE FROM PIZZA_ORDERS WHERE ID=1
DELETE FROM PIZZA_SIZE WHERE ID=1
DELETE FROM PIZZA_SYS_TAB WHERE ID=1
DELETE FROM PIZZA_ID_GEN WHERE GEN_NAME='Ordno_Gen'
DELETE FROM PIZZA_ID_GEN WHERE GEN_NAME='SizeId_Gen'
DELETE FROM PIZZA_ID_GEN WHERE GEN_NAME='ToppingId_Gen'
INSERT INTO PIZZA_SYS_TAB VALUES(1,1)
INSERT INTO PIZZA_ID_GEN VALUES('Ordno_Gen',0)
INSERT INTO PIZZA_ID_GEN VALUES('SizeId_Gen',0)
INSERT INTO PIZZA_ID_GEN VALUES('ToppingId_Gen',0)
COMMIT
DELETE FROM PIZZA_ID_GEN WHERE GEN_NAME='ToppingId_Gen'
INSERT INTO PIZZA_ID_GEN VALUES('ToppingId_Gen',50)
INSERT INTO TOPPINGS VALUES(1,1,'anchovies')
COMMIT
DELETE FROM TOPPINGS WHERE ID=1
DELETE FROM PIZZA_SYS_TAB WHERE ID=1
DELETE FROM PIZZA_ID_GEN WHERE GEN_NAME='Ordno_Gen'
DELETE FROM PIZZA_ID_GEN WHERE GEN_NAME='SizeId_Gen'
DELETE FROM PIZZA_ID_GEN WHERE GEN_NAME='ToppingId_Gen'
INSERT INTO PIZZA_SYS_TAB VALUES(1,1)
INSERT INTO PIZZA_ID_GEN VALUES('Ordno_Gen',0)
INSERT INTO PIZZA_ID_GEN VALUES('SizeId_Gen',0)
INSERT INTO PIZZA_ID_GEN VALUES('ToppingId_Gen',0)
COMMIT
INSERT INTO TOPPINGS VALUES(2,1,'anchovies')
DELETE FROM TOPPINGS WHERE ID=2
INSERT INTO TOPPINGS VALUES(2,1,'anchovies')
COMMIT
DELETE FROM TOPPINGS WHERE ID=2
DELETE FROM PIZZA_SYS_TAB WHERE ID=1
DELETE FROM PIZZA_ID_GEN WHERE GEN_NAME='Ordno_Gen'
DELETE FROM PIZZA_ID_GEN WHERE GEN_NAME='SizeId_Gen'
DELETE FROM PIZZA_ID_GEN WHERE GEN_NAME='ToppingId_Gen'
INSERT INTO PIZZA_SYS_TAB VALUES(1,1)
INSERT INTO PIZZA_ID_GEN VALUES('Ordno_Gen',0)
INSERT INTO PIZZA_ID_GEN VALUES('SizeId_Gen',0)
INSERT INTO PIZZA_ID_GEN VALUES('ToppingId_Gen',0)
COMMIT
DELETE FROM PIZZA_SYS_TAB WHERE ID=1
DELETE FROM PIZZA_ID_GEN WHERE GEN_NAME='Ordno_Gen'
DELETE FROM PIZZA_ID_GEN WHERE GEN_NAME='SizeId_Gen'
DELETE FROM PIZZA_ID_GEN WHERE GEN_NAME='ToppingId_Gen'
INSERT INTO PIZZA_SYS_TAB VALUES(1,1)
INSERT INTO PIZZA_ID_GEN VALUES('Ordno_Gen',0)
INSERT INTO PIZZA_ID_GEN VALUES('SizeId_Gen',0)
INSERT INTO PIZZA_ID_GEN VALUES('ToppingId_Gen',0)
COMMIT
DELETE FROM PIZZA_SYS_TAB WHERE ID=1
DELETE FROM PIZZA_ID_GEN WHERE GEN_NAME='Ordno_Gen'
DELETE FROM PIZZA_ID_GEN WHERE GEN_NAME='SizeId_Gen'
DELETE FROM PIZZA_ID_GEN WHERE GEN_NAME='ToppingId_Gen'
INSERT INTO PIZZA_SYS_TAB VALUES(1,1)
INSERT INTO PIZZA_ID_GEN VALUES('Ordno_Gen',0)
INSERT INTO PIZZA_ID_GEN VALUES('SizeId_Gen',0)
INSERT INTO PIZZA_ID_GEN VALUES('ToppingId_Gen',0)
COMMIT
DELETE FROM PIZZA_ID_GEN WHERE GEN_NAME='SizeId_Gen'
INSERT INTO PIZZA_ID_GEN VALUES('SizeId_Gen',50)
COMMIT
INSERT INTO PIZZA_SIZE VALUES(1,1,'small')
INSERT INTO TOPPINGS VALUES(4,1,'pepperoni')
DELETE FROM PIZZA_ID_GEN WHERE GEN_NAME='Ordno_Gen'
INSERT INTO PIZZA_ID_GEN VALUES('Ordno_Gen',50)
INSERT INTO PIZZA_ORDERS VALUES(1,5,1,1,1)
INSERT INTO ORDER_TOPPING VALUES(1,4)
COMMIT
DISCONNECT
/*C61*/SET SCHEMA PUBLIC
DISCONNECT
/*C62*/SET SCHEMA PUBLIC
DELETE FROM ORDER_TOPPING WHERE ORDER_ID=1 AND TOPPING_ID=4
DELETE FROM TOPPINGS WHERE ID=4
DELETE FROM PIZZA_ORDERS WHERE ID=1
DELETE FROM PIZZA_SIZE WHERE ID=1
DELETE FROM PIZZA_SYS_TAB WHERE ID=1
DELETE FROM PIZZA_ID_GEN WHERE GEN_NAME='Ordno_Gen'
DELETE FROM PIZZA_ID_GEN WHERE GEN_NAME='SizeId_Gen'
DELETE FROM PIZZA_ID_GEN WHERE GEN_NAME='ToppingId_Gen'
INSERT INTO PIZZA_SYS_TAB VALUES(1,1)
INSERT INTO PIZZA_ID_GEN VALUES('Ordno_Gen',0)
INSERT INTO PIZZA_ID_GEN VALUES('SizeId_Gen',0)
INSERT INTO PIZZA_ID_GEN VALUES('ToppingId_Gen',0)
COMMIT
DELETE FROM PIZZA_ID_GEN WHERE GEN_NAME='ToppingId_Gen'
INSERT INTO PIZZA_ID_GEN VALUES('ToppingId_Gen',50)
INSERT INTO TOPPINGS VALUES(1,1,'anchovies')
COMMIT
DELETE FROM TOPPINGS WHERE ID=1
DELETE FROM PIZZA_SYS_TAB WHERE ID=1
DELETE FROM PIZZA_ID_GEN WHERE GEN_NAME='Ordno_Gen'
DELETE FROM PIZZA_ID_GEN WHERE GEN_NAME='SizeId_Gen'
DELETE FROM PIZZA_ID_GEN WHERE GEN_NAME='ToppingId_Gen'
INSERT INTO PIZZA_SYS_TAB VALUES(1,1)
INSERT INTO PIZZA_ID_GEN VALUES('Ordno_Gen',0)
INSERT INTO PIZZA_ID_GEN VALUES('SizeId_Gen',0)
INSERT INTO PIZZA_ID_GEN VALUES('ToppingId_Gen',0)
COMMIT
INSERT INTO TOPPINGS VALUES(2,1,'anchovies')
DELETE FROM TOPPINGS WHERE ID=2
INSERT INTO TOPPINGS VALUES(2,1,'anchovies')
COMMIT
DELETE FROM TOPPINGS WHERE ID=2
DELETE FROM PIZZA_SYS_TAB WHERE ID=1
DELETE FROM PIZZA_ID_GEN WHERE GEN_NAME='Ordno_Gen'
DELETE FROM PIZZA_ID_GEN WHERE GEN_NAME='SizeId_Gen'
DELETE FROM PIZZA_ID_GEN WHERE GEN_NAME='ToppingId_Gen'
INSERT INTO PIZZA_SYS_TAB VALUES(1,1)
INSERT INTO PIZZA_ID_GEN VALUES('Ordno_Gen',0)
INSERT INTO PIZZA_ID_GEN VALUES('SizeId_Gen',0)
INSERT INTO PIZZA_ID_GEN VALUES('ToppingId_Gen',0)
COMMIT
DELETE FROM PIZZA_SYS_TAB WHERE ID=1
DELETE FROM PIZZA_ID_GEN WHERE GEN_NAME='Ordno_Gen'
DELETE FROM PIZZA_ID_GEN WHERE GEN_NAME='SizeId_Gen'
DELETE FROM PIZZA_ID_GEN WHERE GEN_NAME='ToppingId_Gen'
INSERT INTO PIZZA_SYS_TAB VALUES(1,1)
INSERT INTO PIZZA_ID_GEN VALUES('Ordno_Gen',0)
INSERT INTO PIZZA_ID_GEN VALUES('SizeId_Gen',0)
INSERT INTO PIZZA_ID_GEN VALUES('ToppingId_Gen',0)
COMMIT
DELETE FROM PIZZA_SYS_TAB WHERE ID=1
DELETE FROM PIZZA_ID_GEN WHERE GEN_NAME='Ordno_Gen'
DELETE FROM PIZZA_ID_GEN WHERE GEN_NAME='SizeId_Gen'
DELETE FROM PIZZA_ID_GEN WHERE GEN_NAME='ToppingId_Gen'
INSERT INTO PIZZA_SYS_TAB VALUES(1,1)
INSERT INTO PIZZA_ID_GEN VALUES('Ordno_Gen',0)
INSERT INTO PIZZA_ID_GEN VALUES('SizeId_Gen',0)
INSERT INTO PIZZA_ID_GEN VALUES('ToppingId_Gen',0)
COMMIT
DELETE FROM PIZZA_ID_GEN WHERE GEN_NAME='SizeId_Gen'
INSERT INTO PIZZA_ID_GEN VALUES('SizeId_Gen',50)
COMMIT
INSERT INTO PIZZA_SIZE VALUES(1,1,'small')
INSERT INTO TOPPINGS VALUES(4,1,'pepperoni')
DELETE FROM PIZZA_ID_GEN WHERE GEN_NAME='Ordno_Gen'
INSERT INTO PIZZA_ID_GEN VALUES('Ordno_Gen',50)
INSERT INTO PIZZA_ORDERS VALUES(1,5,1,1,1)
INSERT INTO ORDER_TOPPING VALUES(1,4)
COMMIT
DISCONNECT
/*C63*/SET SCHEMA PUBLIC
DISCONNECT
/*C64*/SET SCHEMA PUBLIC
DELETE FROM ORDER_TOPPING WHERE ORDER_ID=1 AND TOPPING_ID=4
DELETE FROM TOPPINGS WHERE ID=4
DELETE FROM PIZZA_ORDERS WHERE ID=1
DELETE FROM PIZZA_SIZE WHERE ID=1
DELETE FROM PIZZA_SYS_TAB WHERE ID=1
DELETE FROM PIZZA_ID_GEN WHERE GEN_NAME='Ordno_Gen'
DELETE FROM PIZZA_ID_GEN WHERE GEN_NAME='SizeId_Gen'
DELETE FROM PIZZA_ID_GEN WHERE GEN_NAME='ToppingId_Gen'
INSERT INTO PIZZA_SYS_TAB VALUES(1,1)
INSERT INTO PIZZA_ID_GEN VALUES('Ordno_Gen',0)
INSERT INTO PIZZA_ID_GEN VALUES('SizeId_Gen',0)
INSERT INTO PIZZA_ID_GEN VALUES('ToppingId_Gen',0)
COMMIT
DISCONNECT
/*C65*/SET SCHEMA PUBLIC
DISCONNECT
/*C66*/SET SCHEMA PUBLIC
DELETE FROM PIZZA_SYS_TAB WHERE ID=1
DELETE FROM PIZZA_ID_GEN WHERE GEN_NAME='Ordno_Gen'
DELETE FROM PIZZA_ID_GEN WHERE GEN_NAME='SizeId_Gen'
DELETE FROM PIZZA_ID_GEN WHERE GEN_NAME='ToppingId_Gen'
INSERT INTO PIZZA_SYS_TAB VALUES(1,1)
INSERT INTO PIZZA_ID_GEN VALUES('Ordno_Gen',0)
INSERT INTO PIZZA_ID_GEN VALUES('SizeId_Gen',0)
INSERT INTO PIZZA_ID_GEN VALUES('ToppingId_Gen',0)
COMMIT
DISCONNECT
/*C67*/SET SCHEMA PUBLIC
DISCONNECT
/*C68*/SET SCHEMA PUBLIC
DELETE FROM PIZZA_SYS_TAB WHERE ID=1
DELETE FROM PIZZA_ID_GEN WHERE GEN_NAME='Ordno_Gen'
DELETE FROM PIZZA_ID_GEN WHERE GEN_NAME='SizeId_Gen'
DELETE FROM PIZZA_ID_GEN WHERE GEN_NAME='ToppingId_Gen'
INSERT INTO PIZZA_SYS_TAB VALUES(1,1)
INSERT INTO PIZZA_ID_GEN VALUES('Ordno_Gen',0)
INSERT INTO PIZZA_ID_GEN VALUES('SizeId_Gen',0)
INSERT INTO PIZZA_ID_GEN VALUES('ToppingId_Gen',0)
COMMIT
DELETE FROM PIZZA_ID_GEN WHERE GEN_NAME='SizeId_Gen'
INSERT INTO PIZZA_ID_GEN VALUES('SizeId_Gen',50)
COMMIT
INSERT INTO PIZZA_SIZE VALUES(1,1,'small')
COMMIT
DISCONNECT
/*C69*/SET SCHEMA PUBLIC
DISCONNECT
/*C70*/SET SCHEMA PUBLIC
DELETE FROM PIZZA_SIZE WHERE ID=1
DELETE FROM PIZZA_SYS_TAB WHERE ID=1
DELETE FROM PIZZA_ID_GEN WHERE GEN_NAME='Ordno_Gen'
DELETE FROM PIZZA_ID_GEN WHERE GEN_NAME='SizeId_Gen'
DELETE FROM PIZZA_ID_GEN WHERE GEN_NAME='ToppingId_Gen'
INSERT INTO PIZZA_SYS_TAB VALUES(1,1)
INSERT INTO PIZZA_ID_GEN VALUES('Ordno_Gen',0)
INSERT INTO PIZZA_ID_GEN VALUES('SizeId_Gen',0)
INSERT INTO PIZZA_ID_GEN VALUES('ToppingId_Gen',0)
COMMIT
DELETE FROM PIZZA_ID_GEN WHERE GEN_NAME='ToppingId_Gen'
INSERT INTO PIZZA_ID_GEN VALUES('ToppingId_Gen',50)
INSERT INTO TOPPINGS VALUES(1,1,'mushrooms')
COMMIT
DISCONNECT
/*C71*/SET SCHEMA PUBLIC
DISCONNECT
/*C72*/SET SCHEMA PUBLIC
DELETE FROM TOPPINGS WHERE ID=1
DELETE FROM PIZZA_SYS_TAB WHERE ID=1
DELETE FROM PIZZA_ID_GEN WHERE GEN_NAME='Ordno_Gen'
DELETE FROM PIZZA_ID_GEN WHERE GEN_NAME='SizeId_Gen'
DELETE FROM PIZZA_ID_GEN WHERE GEN_NAME='ToppingId_Gen'
INSERT INTO PIZZA_SYS_TAB VALUES(1,1)
INSERT INTO PIZZA_ID_GEN VALUES('Ordno_Gen',0)
INSERT INTO PIZZA_ID_GEN VALUES('SizeId_Gen',0)
INSERT INTO PIZZA_ID_GEN VALUES('ToppingId_Gen',0)
COMMIT
DELETE FROM PIZZA_ID_GEN WHERE GEN_NAME='SizeId_Gen'
INSERT INTO PIZZA_ID_GEN VALUES('SizeId_Gen',50)
COMMIT
INSERT INTO PIZZA_SIZE VALUES(1,1,'small')
COMMIT
DISCONNECT
/*C73*/SET SCHEMA PUBLIC
DISCONNECT
/*C74*/SET SCHEMA PUBLIC
DELETE FROM PIZZA_SIZE WHERE ID=1
DELETE FROM PIZZA_SYS_TAB WHERE ID=1
DELETE FROM PIZZA_ID_GEN WHERE GEN_NAME='Ordno_Gen'
DELETE FROM PIZZA_ID_GEN WHERE GEN_NAME='SizeId_Gen'
DELETE FROM PIZZA_ID_GEN WHERE GEN_NAME='ToppingId_Gen'
INSERT INTO PIZZA_SYS_TAB VALUES(1,1)
INSERT INTO PIZZA_ID_GEN VALUES('Ordno_Gen',0)
INSERT INTO PIZZA_ID_GEN VALUES('SizeId_Gen',0)
INSERT INTO PIZZA_ID_GEN VALUES('ToppingId_Gen',0)
COMMIT
DELETE FROM PIZZA_ID_GEN WHERE GEN_NAME='ToppingId_Gen'
INSERT INTO PIZZA_ID_GEN VALUES('ToppingId_Gen',50)
INSERT INTO TOPPINGS VALUES(1,1,'xxx')
COMMIT
DISCONNECT
/*C75*/SET SCHEMA PUBLIC
DISCONNECT
/*C76*/SET SCHEMA PUBLIC
DELETE FROM TOPPINGS WHERE ID=1
DELETE FROM PIZZA_SYS_TAB WHERE ID=1
DELETE FROM PIZZA_ID_GEN WHERE GEN_NAME='Ordno_Gen'
DELETE FROM PIZZA_ID_GEN WHERE GEN_NAME='SizeId_Gen'
DELETE FROM PIZZA_ID_GEN WHERE GEN_NAME='ToppingId_Gen'
INSERT INTO PIZZA_SYS_TAB VALUES(1,1)
INSERT INTO PIZZA_ID_GEN VALUES('Ordno_Gen',0)
INSERT INTO PIZZA_ID_GEN VALUES('SizeId_Gen',0)
INSERT INTO PIZZA_ID_GEN VALUES('ToppingId_Gen',0)
COMMIT
DELETE FROM PIZZA_ID_GEN WHERE GEN_NAME='SizeId_Gen'
INSERT INTO PIZZA_ID_GEN VALUES('SizeId_Gen',50)
COMMIT
INSERT INTO PIZZA_SIZE VALUES(1,1,'small')
COMMIT
DISCONNECT
/*C77*/SET SCHEMA PUBLIC
DISCONNECT
/*C78*/SET SCHEMA PUBLIC
DELETE FROM PIZZA_SIZE WHERE ID=1
DELETE FROM PIZZA_SYS_TAB WHERE ID=1
DELETE FROM PIZZA_ID_GEN WHERE GEN_NAME='Ordno_Gen'
DELETE FROM PIZZA_ID_GEN WHERE GEN_NAME='SizeId_Gen'
DELETE FROM PIZZA_ID_GEN WHERE GEN_NAME='ToppingId_Gen'
INSERT INTO PIZZA_SYS_TAB VALUES(1,1)
INSERT INTO PIZZA_ID_GEN VALUES('Ordno_Gen',0)
INSERT INTO PIZZA_ID_GEN VALUES('SizeId_Gen',0)
INSERT INTO PIZZA_ID_GEN VALUES('ToppingId_Gen',0)
COMMIT
DELETE FROM PIZZA_ID_GEN WHERE GEN_NAME='SizeId_Gen'
INSERT INTO PIZZA_ID_GEN VALUES('SizeId_Gen',50)
COMMIT
INSERT INTO PIZZA_SIZE VALUES(1,1,'small')
COMMIT
DELETE FROM PIZZA_SIZE WHERE ID=1
INSERT INTO PIZZA_SIZE VALUES(1,0,'small')
COMMIT
DISCONNECT
/*C79*/SET SCHEMA PUBLIC
DISCONNECT
/*C80*/SET SCHEMA PUBLIC
DELETE FROM PIZZA_SIZE WHERE ID=1
DELETE FROM PIZZA_SYS_TAB WHERE ID=1
DELETE FROM PIZZA_ID_GEN WHERE GEN_NAME='Ordno_Gen'
DELETE FROM PIZZA_ID_GEN WHERE GEN_NAME='SizeId_Gen'
DELETE FROM PIZZA_ID_GEN WHERE GEN_NAME='ToppingId_Gen'
INSERT INTO PIZZA_SYS_TAB VALUES(1,1)
INSERT INTO PIZZA_ID_GEN VALUES('Ordno_Gen',0)
INSERT INTO PIZZA_ID_GEN VALUES('SizeId_Gen',0)
INSERT INTO PIZZA_ID_GEN VALUES('ToppingId_Gen',0)
COMMIT
DELETE FROM PIZZA_ID_GEN WHERE GEN_NAME='ToppingId_Gen'
INSERT INTO PIZZA_ID_GEN VALUES('ToppingId_Gen',50)
INSERT INTO TOPPINGS VALUES(1,1,'xxx')
COMMIT
DELETE FROM PIZZA_ID_GEN WHERE GEN_NAME='SizeId_Gen'
INSERT INTO PIZZA_ID_GEN VALUES('SizeId_Gen',50)
COMMIT
INSERT INTO PIZZA_SIZE VALUES(1,1,'yyy')
COMMIT
DELETE FROM TOPPINGS WHERE ID=1
INSERT INTO TOPPINGS VALUES(1,0,'xxx')
COMMIT
DISCONNECT
/*C81*/SET SCHEMA PUBLIC
DISCONNECT
/*C82*/SET SCHEMA PUBLIC
DELETE FROM TOPPINGS WHERE ID=1
DELETE FROM PIZZA_SIZE WHERE ID=1
DELETE FROM PIZZA_SYS_TAB WHERE ID=1
DELETE FROM PIZZA_ID_GEN WHERE GEN_NAME='Ordno_Gen'
DELETE FROM PIZZA_ID_GEN WHERE GEN_NAME='SizeId_Gen'
DELETE FROM PIZZA_ID_GEN WHERE GEN_NAME='ToppingId_Gen'
INSERT INTO PIZZA_SYS_TAB VALUES(1,1)
INSERT INTO PIZZA_ID_GEN VALUES('Ordno_Gen',0)
INSERT INTO PIZZA_ID_GEN VALUES('SizeId_Gen',0)
INSERT INTO PIZZA_ID_GEN VALUES('ToppingId_Gen',0)
COMMIT
DELETE FROM PIZZA_ID_GEN WHERE GEN_NAME='ToppingId_Gen'
INSERT INTO PIZZA_ID_GEN VALUES('ToppingId_Gen',50)
INSERT INTO TOPPINGS VALUES(1,1,'anchovies')
COMMIT
DELETE FROM TOPPINGS WHERE ID=1
DELETE FROM PIZZA_SYS_TAB WHERE ID=1
DELETE FROM PIZZA_ID_GEN WHERE GEN_NAME='Ordno_Gen'
DELETE FROM PIZZA_ID_GEN WHERE GEN_NAME='SizeId_Gen'
DELETE FROM PIZZA_ID_GEN WHERE GEN_NAME='ToppingId_Gen'
INSERT INTO PIZZA_SYS_TAB VALUES(1,1)
INSERT INTO PIZZA_ID_GEN VALUES('Ordno_Gen',0)
INSERT INTO PIZZA_ID_GEN VALUES('SizeId_Gen',0)
INSERT INTO PIZZA_ID_GEN VALUES('ToppingId_Gen',0)
COMMIT
INSERT INTO TOPPINGS VALUES(2,1,'anchovies')
DELETE FROM TOPPINGS WHERE ID=2
INSERT INTO TOPPINGS VALUES(2,1,'anchovies')
COMMIT
DELETE FROM TOPPINGS WHERE ID=2
DELETE FROM PIZZA_SYS_TAB WHERE ID=1
DELETE FROM PIZZA_ID_GEN WHERE GEN_NAME='Ordno_Gen'
DELETE FROM PIZZA_ID_GEN WHERE GEN_NAME='SizeId_Gen'
DELETE FROM PIZZA_ID_GEN WHERE GEN_NAME='ToppingId_Gen'
INSERT INTO PIZZA_SYS_TAB VALUES(1,1)
INSERT INTO PIZZA_ID_GEN VALUES('Ordno_Gen',0)
INSERT INTO PIZZA_ID_GEN VALUES('SizeId_Gen',0)
INSERT INTO PIZZA_ID_GEN VALUES('ToppingId_Gen',0)
COMMIT
DELETE FROM PIZZA_SYS_TAB WHERE ID=1
DELETE FROM PIZZA_ID_GEN WHERE GEN_NAME='Ordno_Gen'
DELETE FROM PIZZA_ID_GEN WHERE GEN_NAME='SizeId_Gen'
DELETE FROM PIZZA_ID_GEN WHERE GEN_NAME='ToppingId_Gen'
INSERT INTO PIZZA_SYS_TAB VALUES(1,1)
INSERT INTO PIZZA_ID_GEN VALUES('Ordno_Gen',0)
INSERT INTO PIZZA_ID_GEN VALUES('SizeId_Gen',0)
INSERT INTO PIZZA_ID_GEN VALUES('ToppingId_Gen',0)
COMMIT
DELETE FROM PIZZA_SYS_TAB WHERE ID=1
DELETE FROM PIZZA_ID_GEN WHERE GEN_NAME='Ordno_Gen'
DELETE FROM PIZZA_ID_GEN WHERE GEN_NAME='SizeId_Gen'
DELETE FROM PIZZA_ID_GEN WHERE GEN_NAME='ToppingId_Gen'
INSERT INTO PIZZA_SYS_TAB VALUES(1,1)
INSERT INTO PIZZA_ID_GEN VALUES('Ordno_Gen',0)
INSERT INTO PIZZA_ID_GEN VALUES('SizeId_Gen',0)
INSERT INTO PIZZA_ID_GEN VALUES('ToppingId_Gen',0)
COMMIT
DELETE FROM PIZZA_ID_GEN WHERE GEN_NAME='SizeId_Gen'
INSERT INTO PIZZA_ID_GEN VALUES('SizeId_Gen',50)
COMMIT
INSERT INTO PIZZA_SIZE VALUES(1,1,'small')
INSERT INTO TOPPINGS VALUES(4,1,'pepperoni')
DELETE FROM PIZZA_ID_GEN WHERE GEN_NAME='Ordno_Gen'
INSERT INTO PIZZA_ID_GEN VALUES('Ordno_Gen',50)
INSERT INTO PIZZA_ORDERS VALUES(1,5,1,1,1)
INSERT INTO ORDER_TOPPING VALUES(1,4)
COMMIT
DISCONNECT
/*C83*/SET SCHEMA PUBLIC
DISCONNECT
/*C84*/SET SCHEMA PUBLIC
DELETE FROM ORDER_TOPPING WHERE ORDER_ID=1 AND TOPPING_ID=4
DELETE FROM TOPPINGS WHERE ID=4
DELETE FROM PIZZA_ORDERS WHERE ID=1
DELETE FROM PIZZA_SIZE WHERE ID=1
DELETE FROM PIZZA_SYS_TAB WHERE ID=1
DELETE FROM PIZZA_ID_GEN WHERE GEN_NAME='Ordno_Gen'
DELETE FROM PIZZA_ID_GEN WHERE GEN_NAME='SizeId_Gen'
DELETE FROM PIZZA_ID_GEN WHERE GEN_NAME='ToppingId_Gen'
INSERT INTO PIZZA_SYS_TAB VALUES(1,1)
INSERT INTO PIZZA_ID_GEN VALUES('Ordno_Gen',0)
INSERT INTO PIZZA_ID_GEN VALUES('SizeId_Gen',0)
INSERT INTO PIZZA_ID_GEN VALUES('ToppingId_Gen',0)
COMMIT
DELETE FROM PIZZA_ID_GEN WHERE GEN_NAME='ToppingId_Gen'
INSERT INTO PIZZA_ID_GEN VALUES('ToppingId_Gen',50)
INSERT INTO TOPPINGS VALUES(1,1,'anchovies')
COMMIT
DELETE FROM TOPPINGS WHERE ID=1
DELETE FROM PIZZA_SYS_TAB WHERE ID=1
DELETE FROM PIZZA_ID_GEN WHERE GEN_NAME='Ordno_Gen'
DELETE FROM PIZZA_ID_GEN WHERE GEN_NAME='SizeId_Gen'
DELETE FROM PIZZA_ID_GEN WHERE GEN_NAME='ToppingId_Gen'
INSERT INTO PIZZA_SYS_TAB VALUES(1,1)
INSERT INTO PIZZA_ID_GEN VALUES('Ordno_Gen',0)
INSERT INTO PIZZA_ID_GEN VALUES('SizeId_Gen',0)
INSERT INTO PIZZA_ID_GEN VALUES('ToppingId_Gen',0)
COMMIT
INSERT INTO TOPPINGS VALUES(2,1,'anchovies')
DELETE FROM TOPPINGS WHERE ID=2
INSERT INTO TOPPINGS VALUES(2,1,'anchovies')
COMMIT
DELETE FROM TOPPINGS WHERE ID=2
DELETE FROM PIZZA_SYS_TAB WHERE ID=1
DELETE FROM PIZZA_ID_GEN WHERE GEN_NAME='Ordno_Gen'
DELETE FROM PIZZA_ID_GEN WHERE GEN_NAME='SizeId_Gen'
DELETE FROM PIZZA_ID_GEN WHERE GEN_NAME='ToppingId_Gen'
INSERT INTO PIZZA_SYS_TAB VALUES(1,1)
INSERT INTO PIZZA_ID_GEN VALUES('Ordno_Gen',0)
INSERT INTO PIZZA_ID_GEN VALUES('SizeId_Gen',0)
INSERT INTO PIZZA_ID_GEN VALUES('ToppingId_Gen',0)
COMMIT
DELETE FROM PIZZA_SYS_TAB WHERE ID=1
DELETE FROM PIZZA_ID_GEN WHERE GEN_NAME='Ordno_Gen'
DELETE FROM PIZZA_ID_GEN WHERE GEN_NAME='SizeId_Gen'
DELETE FROM PIZZA_ID_GEN WHERE GEN_NAME='ToppingId_Gen'
INSERT INTO PIZZA_SYS_TAB VALUES(1,1)
INSERT INTO PIZZA_ID_GEN VALUES('Ordno_Gen',0)
INSERT INTO PIZZA_ID_GEN VALUES('SizeId_Gen',0)
INSERT INTO PIZZA_ID_GEN VALUES('ToppingId_Gen',0)
COMMIT
DELETE FROM PIZZA_SYS_TAB WHERE ID=1
DELETE FROM PIZZA_ID_GEN WHERE GEN_NAME='Ordno_Gen'
DELETE FROM PIZZA_ID_GEN WHERE GEN_NAME='SizeId_Gen'
DELETE FROM PIZZA_ID_GEN WHERE GEN_NAME='ToppingId_Gen'
INSERT INTO PIZZA_SYS_TAB VALUES(1,1)
INSERT INTO PIZZA_ID_GEN VALUES('Ordno_Gen',0)
INSERT INTO PIZZA_ID_GEN VALUES('SizeId_Gen',0)
INSERT INTO PIZZA_ID_GEN VALUES('ToppingId_Gen',0)
COMMIT
DELETE FROM PIZZA_ID_GEN WHERE GEN_NAME='SizeId_Gen'
INSERT INTO PIZZA_ID_GEN VALUES('SizeId_Gen',50)
COMMIT
INSERT INTO PIZZA_SIZE VALUES(1,1,'small')
INSERT INTO TOPPINGS VALUES(4,1,'pepperoni')
DELETE FROM PIZZA_ID_GEN WHERE GEN_NAME='Ordno_Gen'
INSERT INTO PIZZA_ID_GEN VALUES('Ordno_Gen',50)
INSERT INTO PIZZA_ORDERS VALUES(1,5,1,1,1)
INSERT INTO ORDER_TOPPING VALUES(1,4)
COMMIT
DISCONNECT
/*C85*/SET SCHEMA PUBLIC
DISCONNECT
/*C86*/SET SCHEMA PUBLIC
DELETE FROM ORDER_TOPPING WHERE ORDER_ID=1 AND TOPPING_ID=4
DELETE FROM TOPPINGS WHERE ID=4
DELETE FROM PIZZA_ORDERS WHERE ID=1
DELETE FROM PIZZA_SIZE WHERE ID=1
DELETE FROM PIZZA_SYS_TAB WHERE ID=1
DELETE FROM PIZZA_ID_GEN WHERE GEN_NAME='Ordno_Gen'
DELETE FROM PIZZA_ID_GEN WHERE GEN_NAME='SizeId_Gen'
DELETE FROM PIZZA_ID_GEN WHERE GEN_NAME='ToppingId_Gen'
INSERT INTO PIZZA_SYS_TAB VALUES(1,1)
INSERT INTO PIZZA_ID_GEN VALUES('Ordno_Gen',0)
INSERT INTO PIZZA_ID_GEN VALUES('SizeId_Gen',0)
INSERT INTO PIZZA_ID_GEN VALUES('ToppingId_Gen',0)
COMMIT
DISCONNECT
/*C87*/SET SCHEMA PUBLIC
DISCONNECT
/*C88*/SET SCHEMA PUBLIC
DELETE FROM PIZZA_SYS_TAB WHERE ID=1
DELETE FROM PIZZA_ID_GEN WHERE GEN_NAME='Ordno_Gen'
DELETE FROM PIZZA_ID_GEN WHERE GEN_NAME='SizeId_Gen'
DELETE FROM PIZZA_ID_GEN WHERE GEN_NAME='ToppingId_Gen'
INSERT INTO PIZZA_SYS_TAB VALUES(1,1)
INSERT INTO PIZZA_ID_GEN VALUES('Ordno_Gen',0)
INSERT INTO PIZZA_ID_GEN VALUES('SizeId_Gen',0)
INSERT INTO PIZZA_ID_GEN VALUES('ToppingId_Gen',0)
COMMIT
DISCONNECT
/*C89*/SET SCHEMA PUBLIC
DISCONNECT
/*C90*/SET SCHEMA PUBLIC
DELETE FROM PIZZA_SYS_TAB WHERE ID=1
DELETE FROM PIZZA_ID_GEN WHERE GEN_NAME='Ordno_Gen'
DELETE FROM PIZZA_ID_GEN WHERE GEN_NAME='SizeId_Gen'
DELETE FROM PIZZA_ID_GEN WHERE GEN_NAME='ToppingId_Gen'
INSERT INTO PIZZA_SYS_TAB VALUES(1,1)
INSERT INTO PIZZA_ID_GEN VALUES('Ordno_Gen',0)
INSERT INTO PIZZA_ID_GEN VALUES('SizeId_Gen',0)
INSERT INTO PIZZA_ID_GEN VALUES('ToppingId_Gen',0)
COMMIT
DELETE FROM PIZZA_ID_GEN WHERE GEN_NAME='SizeId_Gen'
INSERT INTO PIZZA_ID_GEN VALUES('SizeId_Gen',50)
COMMIT
INSERT INTO PIZZA_SIZE VALUES(1,1,'small')
COMMIT
DISCONNECT
/*C91*/SET SCHEMA PUBLIC
DISCONNECT
/*C92*/SET SCHEMA PUBLIC
DELETE FROM PIZZA_SIZE WHERE ID=1
DELETE FROM PIZZA_SYS_TAB WHERE ID=1
DELETE FROM PIZZA_ID_GEN WHERE GEN_NAME='Ordno_Gen'
DELETE FROM PIZZA_ID_GEN WHERE GEN_NAME='SizeId_Gen'
DELETE FROM PIZZA_ID_GEN WHERE GEN_NAME='ToppingId_Gen'
INSERT INTO PIZZA_SYS_TAB VALUES(1,1)
INSERT INTO PIZZA_ID_GEN VALUES('Ordno_Gen',0)
INSERT INTO PIZZA_ID_GEN VALUES('SizeId_Gen',0)
INSERT INTO PIZZA_ID_GEN VALUES('ToppingId_Gen',0)
COMMIT
DELETE FROM PIZZA_ID_GEN WHERE GEN_NAME='ToppingId_Gen'
INSERT INTO PIZZA_ID_GEN VALUES('ToppingId_Gen',50)
INSERT INTO TOPPINGS VALUES(1,1,'mushrooms')
COMMIT
DISCONNECT
/*C93*/SET SCHEMA PUBLIC
DISCONNECT
/*C94*/SET SCHEMA PUBLIC
DELETE FROM TOPPINGS WHERE ID=1
DELETE FROM PIZZA_SYS_TAB WHERE ID=1
DELETE FROM PIZZA_ID_GEN WHERE GEN_NAME='Ordno_Gen'
DELETE FROM PIZZA_ID_GEN WHERE GEN_NAME='SizeId_Gen'
DELETE FROM PIZZA_ID_GEN WHERE GEN_NAME='ToppingId_Gen'
INSERT INTO PIZZA_SYS_TAB VALUES(1,1)
INSERT INTO PIZZA_ID_GEN VALUES('Ordno_Gen',0)
INSERT INTO PIZZA_ID_GEN VALUES('SizeId_Gen',0)
INSERT INTO PIZZA_ID_GEN VALUES('ToppingId_Gen',0)
COMMIT
DELETE FROM PIZZA_ID_GEN WHERE GEN_NAME='SizeId_Gen'
INSERT INTO PIZZA_ID_GEN VALUES('SizeId_Gen',50)
COMMIT
INSERT INTO PIZZA_SIZE VALUES(1,1,'small')
COMMIT
DISCONNECT
/*C95*/SET SCHEMA PUBLIC
DISCONNECT
/*C96*/SET SCHEMA PUBLIC
DELETE FROM PIZZA_SIZE WHERE ID=1
DELETE FROM PIZZA_SYS_TAB WHERE ID=1
DELETE FROM PIZZA_ID_GEN WHERE GEN_NAME='Ordno_Gen'
DELETE FROM PIZZA_ID_GEN WHERE GEN_NAME='SizeId_Gen'
DELETE FROM PIZZA_ID_GEN WHERE GEN_NAME='ToppingId_Gen'
INSERT INTO PIZZA_SYS_TAB VALUES(1,1)
INSERT INTO PIZZA_ID_GEN VALUES('Ordno_Gen',0)
INSERT INTO PIZZA_ID_GEN VALUES('SizeId_Gen',0)
INSERT INTO PIZZA_ID_GEN VALUES('ToppingId_Gen',0)
COMMIT
DELETE FROM PIZZA_ID_GEN WHERE GEN_NAME='ToppingId_Gen'
INSERT INTO PIZZA_ID_GEN VALUES('ToppingId_Gen',50)
INSERT INTO TOPPINGS VALUES(1,1,'xxx')
COMMIT
DISCONNECT
/*C97*/SET SCHEMA PUBLIC
DISCONNECT
/*C98*/SET SCHEMA PUBLIC
DELETE FROM TOPPINGS WHERE ID=1
DELETE FROM PIZZA_SYS_TAB WHERE ID=1
DELETE FROM PIZZA_ID_GEN WHERE GEN_NAME='Ordno_Gen'
DELETE FROM PIZZA_ID_GEN WHERE GEN_NAME='SizeId_Gen'
DELETE FROM PIZZA_ID_GEN WHERE GEN_NAME='ToppingId_Gen'
INSERT INTO PIZZA_SYS_TAB VALUES(1,1)
INSERT INTO PIZZA_ID_GEN VALUES('Ordno_Gen',0)
INSERT INTO PIZZA_ID_GEN VALUES('SizeId_Gen',0)
INSERT INTO PIZZA_ID_GEN VALUES('ToppingId_Gen',0)
COMMIT
DELETE FROM PIZZA_ID_GEN WHERE GEN_NAME='SizeId_Gen'
INSERT INTO PIZZA_ID_GEN VALUES('SizeId_Gen',50)
COMMIT
INSERT INTO PIZZA_SIZE VALUES(1,1,'small')
COMMIT
DISCONNECT
/*C99*/SET SCHEMA PUBLIC
DISCONNECT
/*C100*/SET SCHEMA PUBLIC
DELETE FROM PIZZA_SIZE WHERE ID=1
DELETE FROM PIZZA_SYS_TAB WHERE ID=1
DELETE FROM PIZZA_ID_GEN WHERE GEN_NAME='Ordno_Gen'
DELETE FROM PIZZA_ID_GEN WHERE GEN_NAME='SizeId_Gen'
DELETE FROM PIZZA_ID_GEN WHERE GEN_NAME='ToppingId_Gen'
INSERT INTO PIZZA_SYS_TAB VALUES(1,1)
INSERT INTO PIZZA_ID_GEN VALUES('Ordno_Gen',0)
INSERT INTO PIZZA_ID_GEN VALUES('SizeId_Gen',0)
INSERT INTO PIZZA_ID_GEN VALUES('ToppingId_Gen',0)
COMMIT
DELETE FROM PIZZA_ID_GEN WHERE GEN_NAME='SizeId_Gen'
INSERT INTO PIZZA_ID_GEN VALUES('SizeId_Gen',50)
COMMIT
INSERT INTO PIZZA_SIZE VALUES(1,1,'small')
COMMIT
DELETE FROM PIZZA_SIZE WHERE ID=1
INSERT INTO PIZZA_SIZE VALUES(1,0,'small')
COMMIT
DISCONNECT
/*C101*/SET SCHEMA PUBLIC
DISCONNECT
/*C102*/SET SCHEMA PUBLIC
DELETE FROM PIZZA_SIZE WHERE ID=1
DELETE FROM PIZZA_SYS_TAB WHERE ID=1
DELETE FROM PIZZA_ID_GEN WHERE GEN_NAME='Ordno_Gen'
DELETE FROM PIZZA_ID_GEN WHERE GEN_NAME='SizeId_Gen'
DELETE FROM PIZZA_ID_GEN WHERE GEN_NAME='ToppingId_Gen'
INSERT INTO PIZZA_SYS_TAB VALUES(1,1)
INSERT INTO PIZZA_ID_GEN VALUES('Ordno_Gen',0)
INSERT INTO PIZZA_ID_GEN VALUES('SizeId_Gen',0)
INSERT INTO PIZZA_ID_GEN VALUES('ToppingId_Gen',0)
COMMIT
DELETE FROM PIZZA_ID_GEN WHERE GEN_NAME='ToppingId_Gen'
INSERT INTO PIZZA_ID_GEN VALUES('ToppingId_Gen',50)
INSERT INTO TOPPINGS VALUES(1,1,'anchovies')
COMMIT
DELETE FROM TOPPINGS WHERE ID=1
DELETE FROM PIZZA_SYS_TAB WHERE ID=1
DELETE FROM PIZZA_ID_GEN WHERE GEN_NAME='Ordno_Gen'
DELETE FROM PIZZA_ID_GEN WHERE GEN_NAME='SizeId_Gen'
DELETE FROM PIZZA_ID_GEN WHERE GEN_NAME='ToppingId_Gen'
INSERT INTO PIZZA_SYS_TAB VALUES(1,1)
INSERT INTO PIZZA_ID_GEN VALUES('Ordno_Gen',0)
INSERT INTO PIZZA_ID_GEN VALUES('SizeId_Gen',0)
INSERT INTO PIZZA_ID_GEN VALUES('ToppingId_Gen',0)
COMMIT
INSERT INTO TOPPINGS VALUES(2,1,'anchovies')
DELETE FROM TOPPINGS WHERE ID=2
INSERT INTO TOPPINGS VALUES(2,1,'anchovies')
COMMIT
DELETE FROM TOPPINGS WHERE ID=2
DELETE FROM PIZZA_SYS_TAB WHERE ID=1
DELETE FROM PIZZA_ID_GEN WHERE GEN_NAME='Ordno_Gen'
DELETE FROM PIZZA_ID_GEN WHERE GEN_NAME='SizeId_Gen'
DELETE FROM PIZZA_ID_GEN WHERE GEN_NAME='ToppingId_Gen'
INSERT INTO PIZZA_SYS_TAB VALUES(1,1)
INSERT INTO PIZZA_ID_GEN VALUES('Ordno_Gen',0)
INSERT INTO PIZZA_ID_GEN VALUES('SizeId_Gen',0)
INSERT INTO PIZZA_ID_GEN VALUES('ToppingId_Gen',0)
COMMIT
DELETE FROM PIZZA_SYS_TAB WHERE ID=1
DELETE FROM PIZZA_ID_GEN WHERE GEN_NAME='Ordno_Gen'
DELETE FROM PIZZA_ID_GEN WHERE GEN_NAME='SizeId_Gen'
DELETE FROM PIZZA_ID_GEN WHERE GEN_NAME='ToppingId_Gen'
INSERT INTO PIZZA_SYS_TAB VALUES(1,1)
INSERT INTO PIZZA_ID_GEN VALUES('Ordno_Gen',0)
INSERT INTO PIZZA_ID_GEN VALUES('SizeId_Gen',0)
INSERT INTO PIZZA_ID_GEN VALUES('ToppingId_Gen',0)
COMMIT
DELETE FROM PIZZA_SYS_TAB WHERE ID=1
DELETE FROM PIZZA_ID_GEN WHERE GEN_NAME='Ordno_Gen'
DELETE FROM PIZZA_ID_GEN WHERE GEN_NAME='SizeId_Gen'
DELETE FROM PIZZA_ID_GEN WHERE GEN_NAME='ToppingId_Gen'
INSERT INTO PIZZA_SYS_TAB VALUES(1,1)
INSERT INTO PIZZA_ID_GEN VALUES('Ordno_Gen',0)
INSERT INTO PIZZA_ID_GEN VALUES('SizeId_Gen',0)
INSERT INTO PIZZA_ID_GEN VALUES('ToppingId_Gen',0)
COMMIT
DELETE FROM PIZZA_ID_GEN WHERE GEN_NAME='SizeId_Gen'
INSERT INTO PIZZA_ID_GEN VALUES('SizeId_Gen',50)
COMMIT
INSERT INTO PIZZA_SIZE VALUES(1,1,'small')
INSERT INTO TOPPINGS VALUES(4,1,'pepperoni')
DELETE FROM PIZZA_ID_GEN WHERE GEN_NAME='Ordno_Gen'
INSERT INTO PIZZA_ID_GEN VALUES('Ordno_Gen',50)
INSERT INTO PIZZA_ORDERS VALUES(1,5,1,1,1)
INSERT INTO ORDER_TOPPING VALUES(1,4)
COMMIT
DISCONNECT
/*C103*/SET SCHEMA PUBLIC
DISCONNECT
/*C104*/SET SCHEMA PUBLIC
DELETE FROM ORDER_TOPPING WHERE ORDER_ID=1 AND TOPPING_ID=4
DELETE FROM TOPPINGS WHERE ID=4
DELETE FROM PIZZA_ORDERS WHERE ID=1
DELETE FROM PIZZA_SIZE WHERE ID=1
DELETE FROM PIZZA_SYS_TAB WHERE ID=1
DELETE FROM PIZZA_ID_GEN WHERE GEN_NAME='Ordno_Gen'
DELETE FROM PIZZA_ID_GEN WHERE GEN_NAME='SizeId_Gen'
DELETE FROM PIZZA_ID_GEN WHERE GEN_NAME='ToppingId_Gen'
INSERT INTO PIZZA_SYS_TAB VALUES(1,1)
INSERT INTO PIZZA_ID_GEN VALUES('Ordno_Gen',0)
INSERT INTO PIZZA_ID_GEN VALUES('SizeId_Gen',0)
INSERT INTO PIZZA_ID_GEN VALUES('ToppingId_Gen',0)
COMMIT
DISCONNECT
/*C105*/SET SCHEMA PUBLIC
DISCONNECT
/*C106*/SET SCHEMA PUBLIC
DELETE FROM PIZZA_SYS_TAB WHERE ID=1
DELETE FROM PIZZA_ID_GEN WHERE GEN_NAME='Ordno_Gen'
DELETE FROM PIZZA_ID_GEN WHERE GEN_NAME='SizeId_Gen'
DELETE FROM PIZZA_ID_GEN WHERE GEN_NAME='ToppingId_Gen'
INSERT INTO PIZZA_SYS_TAB VALUES(1,1)
INSERT INTO PIZZA_ID_GEN VALUES('Ordno_Gen',0)
INSERT INTO PIZZA_ID_GEN VALUES('SizeId_Gen',0)
INSERT INTO PIZZA_ID_GEN VALUES('ToppingId_Gen',0)
COMMIT
DISCONNECT
/*C107*/SET SCHEMA PUBLIC
DISCONNECT
/*C108*/SET SCHEMA PUBLIC
DELETE FROM PIZZA_SYS_TAB WHERE ID=1
DELETE FROM PIZZA_ID_GEN WHERE GEN_NAME='Ordno_Gen'
DELETE FROM PIZZA_ID_GEN WHERE GEN_NAME='SizeId_Gen'
DELETE FROM PIZZA_ID_GEN WHERE GEN_NAME='ToppingId_Gen'
INSERT INTO PIZZA_SYS_TAB VALUES(1,1)
INSERT INTO PIZZA_ID_GEN VALUES('Ordno_Gen',0)
INSERT INTO PIZZA_ID_GEN VALUES('SizeId_Gen',0)
INSERT INTO PIZZA_ID_GEN VALUES('ToppingId_Gen',0)
COMMIT
DELETE FROM PIZZA_ID_GEN WHERE GEN_NAME='SizeId_Gen'
INSERT INTO PIZZA_ID_GEN VALUES('SizeId_Gen',50)
COMMIT
INSERT INTO PIZZA_SIZE VALUES(1,1,'small')
COMMIT
DISCONNECT
/*C109*/SET SCHEMA PUBLIC
DISCONNECT
/*C110*/SET SCHEMA PUBLIC
DELETE FROM PIZZA_SIZE WHERE ID=1
DELETE FROM PIZZA_SYS_TAB WHERE ID=1
DELETE FROM PIZZA_ID_GEN WHERE GEN_NAME='Ordno_Gen'
DELETE FROM PIZZA_ID_GEN WHERE GEN_NAME='SizeId_Gen'
DELETE FROM PIZZA_ID_GEN WHERE GEN_NAME='ToppingId_Gen'
INSERT INTO PIZZA_SYS_TAB VALUES(1,1)
INSERT INTO PIZZA_ID_GEN VALUES('Ordno_Gen',0)
INSERT INTO PIZZA_ID_GEN VALUES('SizeId_Gen',0)
INSERT INTO PIZZA_ID_GEN VALUES('ToppingId_Gen',0)
COMMIT
DELETE FROM PIZZA_ID_GEN WHERE GEN_NAME='ToppingId_Gen'
INSERT INTO PIZZA_ID_GEN VALUES('ToppingId_Gen',50)
INSERT INTO TOPPINGS VALUES(1,1,'mushrooms')
COMMIT
DISCONNECT
/*C111*/SET SCHEMA PUBLIC
DISCONNECT
/*C112*/SET SCHEMA PUBLIC
DELETE FROM TOPPINGS WHERE ID=1
DELETE FROM PIZZA_SYS_TAB WHERE ID=1
DELETE FROM PIZZA_ID_GEN WHERE GEN_NAME='Ordno_Gen'
DELETE FROM PIZZA_ID_GEN WHERE GEN_NAME='SizeId_Gen'
DELETE FROM PIZZA_ID_GEN WHERE GEN_NAME='ToppingId_Gen'
INSERT INTO PIZZA_SYS_TAB VALUES(1,1)
INSERT INTO PIZZA_ID_GEN VALUES('Ordno_Gen',0)
INSERT INTO PIZZA_ID_GEN VALUES('SizeId_Gen',0)
INSERT INTO PIZZA_ID_GEN VALUES('ToppingId_Gen',0)
COMMIT
DELETE FROM PIZZA_ID_GEN WHERE GEN_NAME='SizeId_Gen'
INSERT INTO PIZZA_ID_GEN VALUES('SizeId_Gen',50)
COMMIT
INSERT INTO PIZZA_SIZE VALUES(1,1,'small')
COMMIT
DISCONNECT
/*C113*/SET SCHEMA PUBLIC
DISCONNECT
/*C114*/SET SCHEMA PUBLIC
DELETE FROM PIZZA_SIZE WHERE ID=1
DELETE FROM PIZZA_SYS_TAB WHERE ID=1
DELETE FROM PIZZA_ID_GEN WHERE GEN_NAME='Ordno_Gen'
DELETE FROM PIZZA_ID_GEN WHERE GEN_NAME='SizeId_Gen'
DELETE FROM PIZZA_ID_GEN WHERE GEN_NAME='ToppingId_Gen'
INSERT INTO PIZZA_SYS_TAB VALUES(1,1)
INSERT INTO PIZZA_ID_GEN VALUES('Ordno_Gen',0)
INSERT INTO PIZZA_ID_GEN VALUES('SizeId_Gen',0)
INSERT INTO PIZZA_ID_GEN VALUES('ToppingId_Gen',0)
COMMIT
DELETE FROM PIZZA_ID_GEN WHERE GEN_NAME='ToppingId_Gen'
INSERT INTO PIZZA_ID_GEN VALUES('ToppingId_Gen',50)
INSERT INTO TOPPINGS VALUES(1,1,'xxx')
COMMIT
DISCONNECT
/*C115*/SET SCHEMA PUBLIC
DISCONNECT
/*C116*/SET SCHEMA PUBLIC
DELETE FROM TOPPINGS WHERE ID=1
DELETE FROM PIZZA_SYS_TAB WHERE ID=1
DELETE FROM PIZZA_ID_GEN WHERE GEN_NAME='Ordno_Gen'
DELETE FROM PIZZA_ID_GEN WHERE GEN_NAME='SizeId_Gen'
DELETE FROM PIZZA_ID_GEN WHERE GEN_NAME='ToppingId_Gen'
INSERT INTO PIZZA_SYS_TAB VALUES(1,1)
INSERT INTO PIZZA_ID_GEN VALUES('Ordno_Gen',0)
INSERT INTO PIZZA_ID_GEN VALUES('SizeId_Gen',0)
INSERT INTO PIZZA_ID_GEN VALUES('ToppingId_Gen',0)
COMMIT
DELETE FROM PIZZA_ID_GEN WHERE GEN_NAME='SizeId_Gen'
INSERT INTO PIZZA_ID_GEN VALUES('SizeId_Gen',50)
COMMIT
INSERT INTO PIZZA_SIZE VALUES(1,1,'small')
COMMIT
DISCONNECT
/*C117*/SET SCHEMA PUBLIC
DISCONNECT
/*C118*/SET SCHEMA PUBLIC
DELETE FROM PIZZA_SIZE WHERE ID=1
DELETE FROM PIZZA_SYS_TAB WHERE ID=1
DELETE FROM PIZZA_ID_GEN WHERE GEN_NAME='Ordno_Gen'
DELETE FROM PIZZA_ID_GEN WHERE GEN_NAME='SizeId_Gen'
DELETE FROM PIZZA_ID_GEN WHERE GEN_NAME='ToppingId_Gen'
INSERT INTO PIZZA_SYS_TAB VALUES(1,1)
INSERT INTO PIZZA_ID_GEN VALUES('Ordno_Gen',0)
INSERT INTO PIZZA_ID_GEN VALUES('SizeId_Gen',0)
INSERT INTO PIZZA_ID_GEN VALUES('ToppingId_Gen',0)
COMMIT
DELETE FROM PIZZA_ID_GEN WHERE GEN_NAME='SizeId_Gen'
INSERT INTO PIZZA_ID_GEN VALUES('SizeId_Gen',50)
COMMIT
INSERT INTO PIZZA_SIZE VALUES(1,1,'small')
COMMIT
DELETE FROM PIZZA_SIZE WHERE ID=1
INSERT INTO PIZZA_SIZE VALUES(1,0,'small')
COMMIT
DISCONNECT
/*C119*/SET SCHEMA PUBLIC
DISCONNECT
/*C120*/SET SCHEMA PUBLIC
DELETE FROM PIZZA_SIZE WHERE ID=1
DELETE FROM PIZZA_SYS_TAB WHERE ID=1
DELETE FROM PIZZA_ID_GEN WHERE GEN_NAME='Ordno_Gen'
DELETE FROM PIZZA_ID_GEN WHERE GEN_NAME='SizeId_Gen'
DELETE FROM PIZZA_ID_GEN WHERE GEN_NAME='ToppingId_Gen'
INSERT INTO PIZZA_SYS_TAB VALUES(1,1)
INSERT INTO PIZZA_ID_GEN VALUES('Ordno_Gen',0)
INSERT INTO PIZZA_ID_GEN VALUES('SizeId_Gen',0)
INSERT INTO PIZZA_ID_GEN VALUES('ToppingId_Gen',0)
COMMIT
DELETE FROM PIZZA_ID_GEN WHERE GEN_NAME='ToppingId_Gen'
INSERT INTO PIZZA_ID_GEN VALUES('ToppingId_Gen',50)
INSERT INTO TOPPINGS VALUES(1,1,'anchovies')
COMMIT
DELETE FROM TOPPINGS WHERE ID=1
DELETE FROM PIZZA_SYS_TAB WHERE ID=1
DELETE FROM PIZZA_ID_GEN WHERE GEN_NAME='Ordno_Gen'
DELETE FROM PIZZA_ID_GEN WHERE GEN_NAME='SizeId_Gen'
DELETE FROM PIZZA_ID_GEN WHERE GEN_NAME='ToppingId_Gen'
INSERT INTO PIZZA_SYS_TAB VALUES(1,1)
INSERT INTO PIZZA_ID_GEN VALUES('Ordno_Gen',0)
INSERT INTO PIZZA_ID_GEN VALUES('SizeId_Gen',0)
INSERT INTO PIZZA_ID_GEN VALUES('ToppingId_Gen',0)
COMMIT
INSERT INTO TOPPINGS VALUES(2,1,'anchovies')
DELETE FROM TOPPINGS WHERE ID=2
INSERT INTO TOPPINGS VALUES(2,1,'anchovies')
COMMIT
DELETE FROM TOPPINGS WHERE ID=2
DELETE FROM PIZZA_SYS_TAB WHERE ID=1
DELETE FROM PIZZA_ID_GEN WHERE GEN_NAME='Ordno_Gen'
DELETE FROM PIZZA_ID_GEN WHERE GEN_NAME='SizeId_Gen'
DELETE FROM PIZZA_ID_GEN WHERE GEN_NAME='ToppingId_Gen'
INSERT INTO PIZZA_SYS_TAB VALUES(1,1)
INSERT INTO PIZZA_ID_GEN VALUES('Ordno_Gen',0)
INSERT INTO PIZZA_ID_GEN VALUES('SizeId_Gen',0)
INSERT INTO PIZZA_ID_GEN VALUES('ToppingId_Gen',0)
COMMIT
DELETE FROM PIZZA_SYS_TAB WHERE ID=1
DELETE FROM PIZZA_ID_GEN WHERE GEN_NAME='Ordno_Gen'
DELETE FROM PIZZA_ID_GEN WHERE GEN_NAME='SizeId_Gen'
DELETE FROM PIZZA_ID_GEN WHERE GEN_NAME='ToppingId_Gen'
INSERT INTO PIZZA_SYS_TAB VALUES(1,1)
INSERT INTO PIZZA_ID_GEN VALUES('Ordno_Gen',0)
INSERT INTO PIZZA_ID_GEN VALUES('SizeId_Gen',0)
INSERT INTO PIZZA_ID_GEN VALUES('ToppingId_Gen',0)
COMMIT
DELETE FROM PIZZA_SYS_TAB WHERE ID=1
DELETE FROM PIZZA_ID_GEN WHERE GEN_NAME='Ordno_Gen'
DELETE FROM PIZZA_ID_GEN WHERE GEN_NAME='SizeId_Gen'
DELETE FROM PIZZA_ID_GEN WHERE GEN_NAME='ToppingId_Gen'
INSERT INTO PIZZA_SYS_TAB VALUES(1,1)
INSERT INTO PIZZA_ID_GEN VALUES('Ordno_Gen',0)
INSERT INTO PIZZA_ID_GEN VALUES('SizeId_Gen',0)
INSERT INTO PIZZA_ID_GEN VALUES('ToppingId_Gen',0)
COMMIT
DELETE FROM PIZZA_ID_GEN WHERE GEN_NAME='SizeId_Gen'
INSERT INTO PIZZA_ID_GEN VALUES('SizeId_Gen',50)
COMMIT
INSERT INTO PIZZA_SIZE VALUES(1,1,'small')
INSERT INTO TOPPINGS VALUES(4,1,'pepperoni')
DELETE FROM PIZZA_ID_GEN WHERE GEN_NAME='Ordno_Gen'
INSERT INTO PIZZA_ID_GEN VALUES('Ordno_Gen',50)
INSERT INTO PIZZA_ORDERS VALUES(1,5,1,1,1)
INSERT INTO ORDER_TOPPING VALUES(1,4)
COMMIT
DISCONNECT
/*C121*/SET SCHEMA PUBLIC
DISCONNECT
/*C122*/SET SCHEMA PUBLIC
DELETE FROM ORDER_TOPPING WHERE ORDER_ID=1 AND TOPPING_ID=4
DELETE FROM TOPPINGS WHERE ID=4
DELETE FROM PIZZA_ORDERS WHERE ID=1
DELETE FROM PIZZA_SIZE WHERE ID=1
DELETE FROM PIZZA_SYS_TAB WHERE ID=1
DELETE FROM PIZZA_ID_GEN WHERE GEN_NAME='Ordno_Gen'
DELETE FROM PIZZA_ID_GEN WHERE GEN_NAME='SizeId_Gen'
DELETE FROM PIZZA_ID_GEN WHERE GEN_NAME='ToppingId_Gen'
INSERT INTO PIZZA_SYS_TAB VALUES(1,1)
INSERT INTO PIZZA_ID_GEN VALUES('Ordno_Gen',0)
INSERT INTO PIZZA_ID_GEN VALUES('SizeId_Gen',0)
INSERT INTO PIZZA_ID_GEN VALUES('ToppingId_Gen',0)
COMMIT
DISCONNECT
/*C123*/SET SCHEMA PUBLIC
DISCONNECT
/*C124*/SET SCHEMA PUBLIC
DELETE FROM PIZZA_SYS_TAB WHERE ID=1
DELETE FROM PIZZA_ID_GEN WHERE GEN_NAME='Ordno_Gen'
DELETE FROM PIZZA_ID_GEN WHERE GEN_NAME='SizeId_Gen'
DELETE FROM PIZZA_ID_GEN WHERE GEN_NAME='ToppingId_Gen'
INSERT INTO PIZZA_SYS_TAB VALUES(1,1)
INSERT INTO PIZZA_ID_GEN VALUES('Ordno_Gen',0)
INSERT INTO PIZZA_ID_GEN VALUES('SizeId_Gen',0)
INSERT INTO PIZZA_ID_GEN VALUES('ToppingId_Gen',0)
COMMIT
DISCONNECT
/*C125*/SET SCHEMA PUBLIC
DISCONNECT
/*C126*/SET SCHEMA PUBLIC
DELETE FROM PIZZA_SYS_TAB WHERE ID=1
DELETE FROM PIZZA_ID_GEN WHERE GEN_NAME='Ordno_Gen'
DELETE FROM PIZZA_ID_GEN WHERE GEN_NAME='SizeId_Gen'
DELETE FROM PIZZA_ID_GEN WHERE GEN_NAME='ToppingId_Gen'
INSERT INTO PIZZA_SYS_TAB VALUES(1,1)
INSERT INTO PIZZA_ID_GEN VALUES('Ordno_Gen',0)
INSERT INTO PIZZA_ID_GEN VALUES('SizeId_Gen',0)
INSERT INTO PIZZA_ID_GEN VALUES('ToppingId_Gen',0)
COMMIT
DELETE FROM PIZZA_ID_GEN WHERE GEN_NAME='SizeId_Gen'
INSERT INTO PIZZA_ID_GEN VALUES('SizeId_Gen',50)
COMMIT
INSERT INTO PIZZA_SIZE VALUES(1,1,'small')
COMMIT
DISCONNECT
/*C127*/SET SCHEMA PUBLIC
DISCONNECT
/*C128*/SET SCHEMA PUBLIC
DELETE FROM PIZZA_SIZE WHERE ID=1
DELETE FROM PIZZA_SYS_TAB WHERE ID=1
DELETE FROM PIZZA_ID_GEN WHERE GEN_NAME='Ordno_Gen'
DELETE FROM PIZZA_ID_GEN WHERE GEN_NAME='SizeId_Gen'
DELETE FROM PIZZA_ID_GEN WHERE GEN_NAME='ToppingId_Gen'
INSERT INTO PIZZA_SYS_TAB VALUES(1,1)
INSERT INTO PIZZA_ID_GEN VALUES('Ordno_Gen',0)
INSERT INTO PIZZA_ID_GEN VALUES('SizeId_Gen',0)
INSERT INTO PIZZA_ID_GEN VALUES('ToppingId_Gen',0)
COMMIT
DELETE FROM PIZZA_ID_GEN WHERE GEN_NAME='ToppingId_Gen'
INSERT INTO PIZZA_ID_GEN VALUES('ToppingId_Gen',50)
INSERT INTO TOPPINGS VALUES(1,1,'mushrooms')
COMMIT
DISCONNECT
/*C129*/SET SCHEMA PUBLIC
DISCONNECT
/*C130*/SET SCHEMA PUBLIC
DELETE FROM TOPPINGS WHERE ID=1
DELETE FROM PIZZA_SYS_TAB WHERE ID=1
DELETE FROM PIZZA_ID_GEN WHERE GEN_NAME='Ordno_Gen'
DELETE FROM PIZZA_ID_GEN WHERE GEN_NAME='SizeId_Gen'
DELETE FROM PIZZA_ID_GEN WHERE GEN_NAME='ToppingId_Gen'
INSERT INTO PIZZA_SYS_TAB VALUES(1,1)
INSERT INTO PIZZA_ID_GEN VALUES('Ordno_Gen',0)
INSERT INTO PIZZA_ID_GEN VALUES('SizeId_Gen',0)
INSERT INTO PIZZA_ID_GEN VALUES('ToppingId_Gen',0)
COMMIT
DELETE FROM PIZZA_ID_GEN WHERE GEN_NAME='SizeId_Gen'
INSERT INTO PIZZA_ID_GEN VALUES('SizeId_Gen',50)
COMMIT
INSERT INTO PIZZA_SIZE VALUES(1,1,'small')
COMMIT
DISCONNECT
/*C131*/SET SCHEMA PUBLIC
DISCONNECT
/*C132*/SET SCHEMA PUBLIC
DELETE FROM PIZZA_SIZE WHERE ID=1
DELETE FROM PIZZA_SYS_TAB WHERE ID=1
DELETE FROM PIZZA_ID_GEN WHERE GEN_NAME='Ordno_Gen'
DELETE FROM PIZZA_ID_GEN WHERE GEN_NAME='SizeId_Gen'
DELETE FROM PIZZA_ID_GEN WHERE GEN_NAME='ToppingId_Gen'
INSERT INTO PIZZA_SYS_TAB VALUES(1,1)
INSERT INTO PIZZA_ID_GEN VALUES('Ordno_Gen',0)
INSERT INTO PIZZA_ID_GEN VALUES('SizeId_Gen',0)
INSERT INTO PIZZA_ID_GEN VALUES('ToppingId_Gen',0)
COMMIT
DELETE FROM PIZZA_ID_GEN WHERE GEN_NAME='ToppingId_Gen'
INSERT INTO PIZZA_ID_GEN VALUES('ToppingId_Gen',50)
INSERT INTO TOPPINGS VALUES(1,1,'xxx')
COMMIT
DISCONNECT
/*C133*/SET SCHEMA PUBLIC
DISCONNECT
/*C134*/SET SCHEMA PUBLIC
DELETE FROM TOPPINGS WHERE ID=1
DELETE FROM PIZZA_SYS_TAB WHERE ID=1
DELETE FROM PIZZA_ID_GEN WHERE GEN_NAME='Ordno_Gen'
DELETE FROM PIZZA_ID_GEN WHERE GEN_NAME='SizeId_Gen'
DELETE FROM PIZZA_ID_GEN WHERE GEN_NAME='ToppingId_Gen'
INSERT INTO PIZZA_SYS_TAB VALUES(1,1)
INSERT INTO PIZZA_ID_GEN VALUES('Ordno_Gen',0)
INSERT INTO PIZZA_ID_GEN VALUES('SizeId_Gen',0)
INSERT INTO PIZZA_ID_GEN VALUES('ToppingId_Gen',0)
COMMIT
DELETE FROM PIZZA_ID_GEN WHERE GEN_NAME='SizeId_Gen'
INSERT INTO PIZZA_ID_GEN VALUES('SizeId_Gen',50)
COMMIT
INSERT INTO PIZZA_SIZE VALUES(1,1,'small')
COMMIT
DISCONNECT
/*C135*/SET SCHEMA PUBLIC
DISCONNECT
/*C136*/SET SCHEMA PUBLIC
DELETE FROM PIZZA_SIZE WHERE ID=1
DELETE FROM PIZZA_SYS_TAB WHERE ID=1
DELETE FROM PIZZA_ID_GEN WHERE GEN_NAME='Ordno_Gen'
DELETE FROM PIZZA_ID_GEN WHERE GEN_NAME='SizeId_Gen'
DELETE FROM PIZZA_ID_GEN WHERE GEN_NAME='ToppingId_Gen'
INSERT INTO PIZZA_SYS_TAB VALUES(1,1)
INSERT INTO PIZZA_ID_GEN VALUES('Ordno_Gen',0)
INSERT INTO PIZZA_ID_GEN VALUES('SizeId_Gen',0)
INSERT INTO PIZZA_ID_GEN VALUES('ToppingId_Gen',0)
COMMIT
DELETE FROM PIZZA_ID_GEN WHERE GEN_NAME='SizeId_Gen'
INSERT INTO PIZZA_ID_GEN VALUES('SizeId_Gen',50)
COMMIT
INSERT INTO PIZZA_SIZE VALUES(1,1,'small')
COMMIT
DELETE FROM PIZZA_SIZE WHERE ID=1
INSERT INTO PIZZA_SIZE VALUES(1,0,'small')
COMMIT
DISCONNECT
/*C137*/SET SCHEMA PUBLIC
DISCONNECT
/*C138*/SET SCHEMA PUBLIC
DISCONNECT
/*C139*/SET SCHEMA PUBLIC
DISCONNECT
/*C140*/SET SCHEMA PUBLIC
DELETE FROM PIZZA_SIZE WHERE ID=1
DELETE FROM PIZZA_SYS_TAB WHERE ID=1
DELETE FROM PIZZA_ID_GEN WHERE GEN_NAME='Ordno_Gen'
DELETE FROM PIZZA_ID_GEN WHERE GEN_NAME='SizeId_Gen'
DELETE FROM PIZZA_ID_GEN WHERE GEN_NAME='ToppingId_Gen'
INSERT INTO PIZZA_SYS_TAB VALUES(1,1)
INSERT INTO PIZZA_ID_GEN VALUES('Ordno_Gen',0)
INSERT INTO PIZZA_ID_GEN VALUES('SizeId_Gen',0)
INSERT INTO PIZZA_ID_GEN VALUES('ToppingId_Gen',0)
COMMIT
DELETE FROM PIZZA_ID_GEN WHERE GEN_NAME='SizeId_Gen'
INSERT INTO PIZZA_ID_GEN VALUES('SizeId_Gen',50)
COMMIT
INSERT INTO PIZZA_SIZE VALUES(1,1,'small')
COMMIT
DELETE FROM PIZZA_ID_GEN WHERE GEN_NAME='ToppingId_Gen'
INSERT INTO PIZZA_ID_GEN VALUES('ToppingId_Gen',50)
INSERT INTO TOPPINGS VALUES(1,1,'Pepperoni')
COMMIT
DELETE FROM PIZZA_ID_GEN WHERE GEN_NAME='Ordno_Gen'
INSERT INTO PIZZA_ID_GEN VALUES('Ordno_Gen',50)
INSERT INTO PIZZA_ORDERS VALUES(1,5,1,1,1)
INSERT INTO ORDER_TOPPING VALUES(1,1)
COMMIT
INSERT INTO PIZZA_ORDERS VALUES(2,1,1,1,1)
INSERT INTO ORDER_TOPPING VALUES(2,1)
COMMIT
DELETE FROM PIZZA_ORDERS WHERE ID=1
INSERT INTO PIZZA_ORDERS VALUES(1,5,1,1,2)
COMMIT
DELETE FROM PIZZA_ORDERS WHERE ID=1
INSERT INTO PIZZA_ORDERS VALUES(1,5,1,1,3)
COMMIT
DELETE FROM PIZZA_ORDERS WHERE ID=2
INSERT INTO PIZZA_ORDERS VALUES(2,1,1,1,3)
DELETE FROM PIZZA_SYS_TAB WHERE ID=1
INSERT INTO PIZZA_SYS_TAB VALUES(1,2)
COMMIT
DISCONNECT
/*C141*/SET SCHEMA PUBLIC
DISCONNECT
/*C143*/SET SCHEMA PUBLIC
DISCONNECT
/*C142*/SET SCHEMA PUBLIC
DELETE FROM ORDER_TOPPING WHERE ORDER_ID=1 AND TOPPING_ID=1
DELETE FROM ORDER_TOPPING WHERE ORDER_ID=2 AND TOPPING_ID=1
DELETE FROM TOPPINGS WHERE ID=1
DELETE FROM PIZZA_ORDERS WHERE ID=1
DELETE FROM PIZZA_ORDERS WHERE ID=2
DELETE FROM PIZZA_SIZE WHERE ID=1
DELETE FROM PIZZA_SYS_TAB WHERE ID=1
DELETE FROM PIZZA_ID_GEN WHERE GEN_NAME='Ordno_Gen'
DELETE FROM PIZZA_ID_GEN WHERE GEN_NAME='SizeId_Gen'
DELETE FROM PIZZA_ID_GEN WHERE GEN_NAME='ToppingId_Gen'
INSERT INTO PIZZA_SYS_TAB VALUES(1,1)
INSERT INTO PIZZA_ID_GEN VALUES('Ordno_Gen',0)
INSERT INTO PIZZA_ID_GEN VALUES('SizeId_Gen',0)
INSERT INTO PIZZA_ID_GEN VALUES('ToppingId_Gen',0)
COMMIT
DELETE FROM PIZZA_ID_GEN WHERE GEN_NAME='SizeId_Gen'
INSERT INTO PIZZA_ID_GEN VALUES('SizeId_Gen',50)
COMMIT
INSERT INTO PIZZA_SIZE VALUES(1,1,'small')
COMMIT
DELETE FROM PIZZA_ID_GEN WHERE GEN_NAME='ToppingId_Gen'
INSERT INTO PIZZA_ID_GEN VALUES('ToppingId_Gen',50)
INSERT INTO TOPPINGS VALUES(1,1,'Pepperoni')
COMMIT
DELETE FROM PIZZA_ID_GEN WHERE GEN_NAME='Ordno_Gen'
INSERT INTO PIZZA_ID_GEN VALUES('Ordno_Gen',50)
INSERT INTO PIZZA_ORDERS VALUES(1,5,1,1,1)
INSERT INTO ORDER_TOPPING VALUES(1,1)
COMMIT
INSERT INTO PIZZA_ORDERS VALUES(2,1,1,1,1)
INSERT INTO ORDER_TOPPING VALUES(2,1)
COMMIT
DELETE FROM PIZZA_ORDERS WHERE ID=1
INSERT INTO PIZZA_ORDERS VALUES(1,5,1,1,2)
COMMIT
DELETE FROM PIZZA_ORDERS WHERE ID=1
INSERT INTO PIZZA_ORDERS VALUES(1,5,1,1,3)
COMMIT
DELETE FROM PIZZA_ORDERS WHERE ID=2
INSERT INTO PIZZA_ORDERS VALUES(2,1,1,1,3)
DELETE FROM PIZZA_SYS_TAB WHERE ID=1
INSERT INTO PIZZA_SYS_TAB VALUES(1,2)
COMMIT
/*C144*/SET SCHEMA PUBLIC
DISCONNECT
/*C145*/SET SCHEMA PUBLIC
DISCONNECT
/*C142*/DISCONNECT
/*C146*/SET SCHEMA PUBLIC
DISCONNECT
/*C147*/SET SCHEMA PUBLIC
DISCONNECT
/*C148*/SET SCHEMA PUBLIC
DISCONNECT
/*C150*/SET SCHEMA PUBLIC
DISCONNECT
/*C152*/SET SCHEMA PUBLIC
DISCONNECT
/*C154*/SET SCHEMA PUBLIC
DISCONNECT
/*C156*/SET SCHEMA PUBLIC
DISCONNECT
/*C159*/SET SCHEMA PUBLIC
DELETE FROM ORDER_TOPPING WHERE ORDER_ID=1 AND TOPPING_ID=1
DELETE FROM ORDER_TOPPING WHERE ORDER_ID=2 AND TOPPING_ID=1
DELETE FROM TOPPINGS WHERE ID=1
DELETE FROM PIZZA_ORDERS WHERE ID=1
DELETE FROM PIZZA_ORDERS WHERE ID=2
DELETE FROM PIZZA_SIZE WHERE ID=1
DELETE FROM PIZZA_SYS_TAB WHERE ID=1
DELETE FROM PIZZA_ID_GEN WHERE GEN_NAME='Ordno_Gen'
DELETE FROM PIZZA_ID_GEN WHERE GEN_NAME='SizeId_Gen'
DELETE FROM PIZZA_ID_GEN WHERE GEN_NAME='ToppingId_Gen'
INSERT INTO PIZZA_SYS_TAB VALUES(1,1)
INSERT INTO PIZZA_ID_GEN VALUES('Ordno_Gen',0)
INSERT INTO PIZZA_ID_GEN VALUES('SizeId_Gen',0)
INSERT INTO PIZZA_ID_GEN VALUES('ToppingId_Gen',0)
COMMIT
DELETE FROM PIZZA_ID_GEN WHERE GEN_NAME='SizeId_Gen'
INSERT INTO PIZZA_ID_GEN VALUES('SizeId_Gen',50)
COMMIT
INSERT INTO PIZZA_SIZE VALUES(1,1,'small')
COMMIT
DELETE FROM PIZZA_ID_GEN WHERE GEN_NAME='ToppingId_Gen'
INSERT INTO PIZZA_ID_GEN VALUES('ToppingId_Gen',50)
INSERT INTO TOPPINGS VALUES(1,1,'Pepperoni')
COMMIT
DELETE FROM PIZZA_ID_GEN WHERE GEN_NAME='Ordno_Gen'
INSERT INTO PIZZA_ID_GEN VALUES('Ordno_Gen',50)
INSERT INTO PIZZA_ORDERS VALUES(1,5,1,1,1)
INSERT INTO ORDER_TOPPING VALUES(1,1)
COMMIT
INSERT INTO PIZZA_ORDERS VALUES(2,1,1,1,1)
INSERT INTO ORDER_TOPPING VALUES(2,1)
COMMIT
DELETE FROM PIZZA_ORDERS WHERE ID=1
INSERT INTO PIZZA_ORDERS VALUES(1,5,1,1,2)
COMMIT
DELETE FROM PIZZA_ORDERS WHERE ID=1
INSERT INTO PIZZA_ORDERS VALUES(1,5,1,1,3)
COMMIT
DELETE FROM PIZZA_ORDERS WHERE ID=2
INSERT INTO PIZZA_ORDERS VALUES(2,1,1,1,3)
DELETE FROM PIZZA_SYS_TAB WHERE ID=1
INSERT INTO PIZZA_SYS_TAB VALUES(1,2)
COMMIT
/*C160*/SET SCHEMA PUBLIC
DISCONNECT
/*C163*/SET SCHEMA PUBLIC
DISCONNECT
/*C165*/SET SCHEMA PUBLIC
DISCONNECT
/*C167*/SET SCHEMA PUBLIC
DISCONNECT
/*C169*/SET SCHEMA PUBLIC
DISCONNECT
/*C171*/SET SCHEMA PUBLIC
DISCONNECT
/*C173*/SET SCHEMA PUBLIC
DISCONNECT
/*C175*/SET SCHEMA PUBLIC
DISCONNECT
/*C178*/SET SCHEMA PUBLIC
DISCONNECT
/*C180*/SET SCHEMA PUBLIC
DISCONNECT
/*C183*/SET SCHEMA PUBLIC
DISCONNECT
/*C186*/SET SCHEMA PUBLIC
DELETE FROM ORDER_TOPPING WHERE ORDER_ID=1 AND TOPPING_ID=1
DELETE FROM ORDER_TOPPING WHERE ORDER_ID=2 AND TOPPING_ID=1
DELETE FROM TOPPINGS WHERE ID=1
DELETE FROM PIZZA_ORDERS WHERE ID=1
DELETE FROM PIZZA_ORDERS WHERE ID=2
DELETE FROM PIZZA_SIZE WHERE ID=1
DELETE FROM PIZZA_SYS_TAB WHERE ID=1
DELETE FROM PIZZA_ID_GEN WHERE GEN_NAME='Ordno_Gen'
DELETE FROM PIZZA_ID_GEN WHERE GEN_NAME='SizeId_Gen'
DELETE FROM PIZZA_ID_GEN WHERE GEN_NAME='ToppingId_Gen'
INSERT INTO PIZZA_SYS_TAB VALUES(1,1)
INSERT INTO PIZZA_ID_GEN VALUES('Ordno_Gen',0)
INSERT INTO PIZZA_ID_GEN VALUES('SizeId_Gen',0)
INSERT INTO PIZZA_ID_GEN VALUES('ToppingId_Gen',0)
COMMIT
DELETE FROM PIZZA_ID_GEN WHERE GEN_NAME='SizeId_Gen'
INSERT INTO PIZZA_ID_GEN VALUES('SizeId_Gen',50)
COMMIT
INSERT INTO PIZZA_SIZE VALUES(1,1,'small')
COMMIT
DELETE FROM PIZZA_ID_GEN WHERE GEN_NAME='ToppingId_Gen'
INSERT INTO PIZZA_ID_GEN VALUES('ToppingId_Gen',50)
INSERT INTO TOPPINGS VALUES(1,1,'Pepperoni')
COMMIT
DELETE FROM PIZZA_ID_GEN WHERE GEN_NAME='Ordno_Gen'
INSERT INTO PIZZA_ID_GEN VALUES('Ordno_Gen',50)
INSERT INTO PIZZA_ORDERS VALUES(1,5,1,1,1)
INSERT INTO ORDER_TOPPING VALUES(1,1)
COMMIT
INSERT INTO PIZZA_ORDERS VALUES(2,1,1,1,1)
INSERT INTO ORDER_TOPPING VALUES(2,1)
COMMIT
DELETE FROM PIZZA_ORDERS WHERE ID=1
INSERT INTO PIZZA_ORDERS VALUES(1,5,1,1,2)
COMMIT
DELETE FROM PIZZA_ORDERS WHERE ID=1
INSERT INTO PIZZA_ORDERS VALUES(1,5,1,1,3)
COMMIT
DELETE FROM PIZZA_ORDERS WHERE ID=2
INSERT INTO PIZZA_ORDERS VALUES(2,1,1,1,3)
DELETE FROM PIZZA_SYS_TAB WHERE ID=1
INSERT INTO PIZZA_SYS_TAB VALUES(1,2)
COMMIT
/*C187*/SET SCHEMA PUBLIC
DISCONNECT
/*C189*/SET SCHEMA PUBLIC
DISCONNECT
/*C192*/SET SCHEMA PUBLIC
DISCONNECT
/*C195*/SET SCHEMA PUBLIC
DISCONNECT
/*C196*/SET SCHEMA PUBLIC
DELETE FROM PIZZA_ID_GEN WHERE GEN_NAME='Ordno_Gen'
INSERT INTO PIZZA_ID_GEN VALUES('Ordno_Gen',100)
INSERT INTO PIZZA_ORDERS VALUES(51,5,1,2,1)
INSERT INTO ORDER_TOPPING VALUES(51,1)
COMMIT
DISCONNECT
/*C197*/SET SCHEMA PUBLIC
DISCONNECT
/*C198*/SET SCHEMA PUBLIC
DELETE FROM PIZZA_ID_GEN WHERE GEN_NAME='ToppingId_Gen'
INSERT INTO PIZZA_ID_GEN VALUES('ToppingId_Gen',100)
INSERT INTO TOPPINGS VALUES(51,1,'Food')
COMMIT
DISCONNECT
/*C199*/SET SCHEMA PUBLIC
DISCONNECT
/*C200*/SET SCHEMA PUBLIC
DELETE FROM PIZZA_ID_GEN WHERE GEN_NAME='Ordno_Gen'
INSERT INTO PIZZA_ID_GEN VALUES('Ordno_Gen',150)
INSERT INTO PIZZA_ORDERS VALUES(101,5,1,2,1)
INSERT INTO ORDER_TOPPING VALUES(101,1)
INSERT INTO ORDER_TOPPING VALUES(101,51)
COMMIT
DISCONNECT
/*C201*/SET SCHEMA PUBLIC
DISCONNECT
/*C202*/SET SCHEMA PUBLIC
DELETE FROM ORDER_TOPPING WHERE ORDER_ID=1 AND TOPPING_ID=1
DELETE FROM ORDER_TOPPING WHERE ORDER_ID=2 AND TOPPING_ID=1
DELETE FROM ORDER_TOPPING WHERE ORDER_ID=51 AND TOPPING_ID=1
DELETE FROM ORDER_TOPPING WHERE ORDER_ID=101 AND TOPPING_ID=1
DELETE FROM ORDER_TOPPING WHERE ORDER_ID=101 AND TOPPING_ID=51
DELETE FROM TOPPINGS WHERE ID=1
DELETE FROM TOPPINGS WHERE ID=51
DELETE FROM PIZZA_ORDERS WHERE ID=1
DELETE FROM PIZZA_ORDERS WHERE ID=2
DELETE FROM PIZZA_ORDERS WHERE ID=51
DELETE FROM PIZZA_ORDERS WHERE ID=101
DELETE FROM PIZZA_SIZE WHERE ID=1
DELETE FROM PIZZA_SYS_TAB WHERE ID=1
DELETE FROM PIZZA_ID_GEN WHERE GEN_NAME='Ordno_Gen'
DELETE FROM PIZZA_ID_GEN WHERE GEN_NAME='SizeId_Gen'
DELETE FROM PIZZA_ID_GEN WHERE GEN_NAME='ToppingId_Gen'
INSERT INTO PIZZA_SYS_TAB VALUES(1,1)
INSERT INTO PIZZA_ID_GEN VALUES('Ordno_Gen',0)
INSERT INTO PIZZA_ID_GEN VALUES('SizeId_Gen',0)
INSERT INTO PIZZA_ID_GEN VALUES('ToppingId_Gen',0)
COMMIT
DELETE FROM PIZZA_ID_GEN WHERE GEN_NAME='ToppingId_Gen'
INSERT INTO PIZZA_ID_GEN VALUES('ToppingId_Gen',50)
INSERT INTO TOPPINGS VALUES(1,1,'xxx')
COMMIT
DELETE FROM PIZZA_ID_GEN WHERE GEN_NAME='SizeId_Gen'
INSERT INTO PIZZA_ID_GEN VALUES('SizeId_Gen',50)
COMMIT
INSERT INTO PIZZA_SIZE VALUES(1,1,'yyy')
COMMIT
DELETE FROM TOPPINGS WHERE ID=1
INSERT INTO TOPPINGS VALUES(1,0,'xxx')
COMMIT
DISCONNECT
/*C203*/SET SCHEMA PUBLIC
DISCONNECT
/*C204*/SET SCHEMA PUBLIC
DISCONNECT
/*C205*/SET SCHEMA PUBLIC
   CREATE TABLE site_user ( user_id INT NOT NULL, firstname VARCHAR(50) NOT NULL, lastname VARCHAR(50) NOT NULL, email_address VARCHAR(50) NOT NULL, company_name VARCHAR(50), address1 VARCHAR(50), address2 VARCHAR(50), city VARCHAR(50), state VARCHAR(50), zip VARCHAR(50), country VARCHAR(50), creditcard_type VARCHAR(50), creditcard_number VARCHAR(50), creditcard_expirationdate VARCHAR(50), UNIQUE(email_address), PRIMARY KEY (user_id) )
  CREATE TABLE product( product_id INT NOT NULL, product_code VARCHAR(10) NOT NULL, product_description VARCHAR(100) NOT NULL, product_price DECIMAL(10,2) NOT NULL, UNIQUE (product_code), PRIMARY KEY (product_id) )
INSERT INTO PRODUCT VALUES(1,'8601','86 (the band) - True Life Songs and Pictures',14.95)
INSERT INTO PRODUCT VALUES(2,'pf01','Paddlefoot - The first CD',12.95)
INSERT INTO PRODUCT VALUES(3,'pf02','Paddlefoot - The second CD',14.95)
INSERT INTO PRODUCT VALUES(4,'jr01','Joe Rut - Genuine Wood Grained Finish',14.95)
COMMIT
  CREATE TABLE track ( track_id INT NOT NULL PRIMARY KEY, product_id INT NOT NULL, track_number INT NOT NULL, title varchar(100) NOT NULL, sample_filename varchar(100) NOT NULL, FOREIGN KEY (product_id) REFERENCES product (product_id), UNIQUE (product_id, track_number) )
INSERT INTO TRACK VALUES(1,1,2,'You Are a Star','star.mp3')
INSERT INTO TRACK VALUES(2,1,3,'Don''t Make No Difference','no_difference.mp3')
INSERT INTO TRACK VALUES(3,2,2,'Whiskey Before Breakfast','whiskey.mp3')
INSERT INTO TRACK VALUES(4,2,6,'64 Corvair, Part 2','corvair.mp3')
INSERT INTO TRACK VALUES(5,3,1,'Neon Lights','neon.mp3')
INSERT INTO TRACK VALUES(6,3,3,'Tank Hill','tank.mp3')
INSERT INTO TRACK VALUES(7,4,1,'Filter','filter.mp3')
INSERT INTO TRACK VALUES(8,4,5,'So Long Lazy Ray','so_long.mp3')
COMMIT
  CREATE TABLE download ( download_id INT NOT NULL, user_id INT NOT NULL, download_date TIMESTAMP NOT NULL, track_id INT NOT NULL, PRIMARY KEY (download_id), FOREIGN KEY (user_id) REFERENCES site_user (user_id), FOREIGN KEY (track_id) REFERENCES track (track_id) )
 CREATE TABLE invoice( invoice_id INT NOT NULL, user_id INT NOT NULL, invoice_date TIMESTAMP NOT NULL, total_amount DECIMAL(10,2) NOT NULL, is_processed CHAR(1) NOT NULL, PRIMARY KEY (invoice_id), FOREIGN KEY (user_id) REFERENCES site_user (user_id) )
  CREATE TABLE lineitem( lineitem_id INT NOT NULL, invoice_id INT NOT NULL, product_id INT NOT NULL, quantity INT NOT NULL, PRIMARY KEY (lineitem_id), FOREIGN KEY (invoice_id) REFERENCES invoice (invoice_id), FOREIGN KEY (product_id) REFERENCES product (product_id) )
   CREATE TABLE userpass ( username varchar(15) NOT NULL PRIMARY KEY, password varchar(15) NOT NULL )
INSERT INTO USERPASS VALUES('andrea','sesame')
INSERT INTO USERPASS VALUES('joel','sesame')
INSERT INTO USERPASS VALUES('anne','sesame')
COMMIT
  CREATE TABLE userrole ( username VARCHAR(15) NOT NULL, rolename VARCHAR(15) NOT NULL, PRIMARY KEY (username, rolename) )
INSERT INTO USERROLE VALUES('andrea','service')
INSERT INTO USERROLE VALUES('andrea','programmer')
INSERT INTO USERROLE VALUES('joel','programmer')
COMMIT
  CREATE TABLE MUSIC_ID_GEN (GEN_NAME VARCHAR(50) NOT NULL, GEN_VAL INTEGER, PRIMARY KEY (GEN_NAME))
INSERT INTO MUSIC_ID_GEN VALUES('downloadid_gen',0)
INSERT INTO MUSIC_ID_GEN VALUES('userid_gen',0)
INSERT INTO MUSIC_ID_GEN VALUES('invoiceid_gen',0)
INSERT INTO MUSIC_ID_GEN VALUES('lineitemid_gen',0)
COMMIT
DISCONNECT
/*C206*/SET SCHEMA PUBLIC
DISCONNECT
/*C207*/SET SCHEMA PUBLIC
DISCONNECT
/*C208*/SET SCHEMA PUBLIC
DISCONNECT
/*C210*/SET SCHEMA PUBLIC
DISCONNECT
/*C212*/SET SCHEMA PUBLIC
DISCONNECT
/*C213*/SET SCHEMA PUBLIC
DISCONNECT
/*C214*/SET SCHEMA PUBLIC
DISCONNECT
/*C215*/SET SCHEMA PUBLIC
DISCONNECT
