/*C1*/SET SCHEMA SYSTEM_LOBS
INSERT INTO BLOCKS VALUES(0,2147483647,0)
COMMIT
/*C2*/SET SCHEMA PUBLIC
  CREATE TABLE product( product_id INT NOT NULL, product_code VARCHAR(10) NOT NULL, product_description VARCHAR(100) NOT NULL, product_price DECIMAL(10,2) NOT NULL, UNIQUE (product_code), PRIMARY KEY (product_id) )
INSERT INTO PRODUCT VALUES(1,'8601','86 (the band) - True Life Songs and Pictures',14.95)
INSERT INTO PRODUCT VALUES(2,'pf01','Paddlefoot - The first CD',12.95)
INSERT INTO PRODUCT VALUES(3,'pf02','Paddlefoot - The second CD',14.95)
INSERT INTO PRODUCT VALUES(4,'jr01','Joe Rut - Genuine Wood Grained Finish',14.95)
COMMIT
  CREATE TABLE track ( track_id INT NOT NULL PRIMARY KEY, product_id INT NOT NULL, track_number INT NOT NULL, title varchar(100) NOT NULL, sample_filename varchar(100) NOT NULL, FOREIGN KEY (product_id) REFERENCES product (product_id), UNIQUE (product_id, track_number) )
INSERT INTO TRACK VALUES(1,1,2,'You Are a Star','star.mp3')
INSERT INTO TRACK VALUES(2,1,3,'Don''t Make No Difference','no_difference.mp3')
INSERT INTO TRACK VALUES(3,2,2,'Whiskey Before Breakfast','whiskey.mp3')
INSERT INTO TRACK VALUES(4,2,6,'64 Corvair, Part 2','corvair.mp3')
INSERT INTO TRACK VALUES(5,3,1,'Neon Lights','neon.mp3')
INSERT INTO TRACK VALUES(6,3,3,'Tank Hill','tank.mp3')
INSERT INTO TRACK VALUES(7,4,1,'Filter','filter.mp3')
INSERT INTO TRACK VALUES(8,4,5,'So Long Lazy Ray','so_long.mp3')
COMMIT
  CREATE TABLE download ( download_id INT NOT NULL, email_address VARCHAR(50) NOT NULL, download_date TIMESTAMP NOT NULL, track_id INT NOT NULL, PRIMARY KEY (download_id), FOREIGN KEY (track_id) REFERENCES track (track_id) )
   CREATE TABLE site_user ( user_id INT NOT NULL, firstname VARCHAR(50) NOT NULL, lastname VARCHAR(50) NOT NULL, email_address VARCHAR(50) NOT NULL, company_name VARCHAR(50), address1 VARCHAR(50), address2 VARCHAR(50), city VARCHAR(50), state VARCHAR(50), zip VARCHAR(50), country VARCHAR(50), creditcard_type VARCHAR(50), creditcard_number VARCHAR(50), creditcard_expirationdate VARCHAR(50), UNIQUE(email_address), PRIMARY KEY (user_id) )
  CREATE TABLE invoice( invoice_id INT NOT NULL, user_id INT NOT NULL, invoice_date TIMESTAMP NOT NULL, total_amount DECIMAL(10,2) NOT NULL, is_processed CHAR(1) NOT NULL, PRIMARY KEY (invoice_id), FOREIGN KEY (user_id) REFERENCES site_user (user_id) )
  CREATE TABLE lineitem( lineitem_id INT NOT NULL, invoice_id INT NOT NULL, product_code VARCHAR(10) NOT NULL, quantity INT NOT NULL, PRIMARY KEY (lineitem_id), FOREIGN KEY (invoice_id) REFERENCES invoice (invoice_id) )
  CREATE TABLE userpass ( username varchar(15) NOT NULL PRIMARY KEY, password varchar(15) NOT NULL )
INSERT INTO USERPASS VALUES('andrea','sesame')
INSERT INTO USERPASS VALUES('joel','sesame')
INSERT INTO USERPASS VALUES('anne','sesame')
COMMIT
  CREATE TABLE userrole ( username VARCHAR(15) NOT NULL, rolename VARCHAR(15) NOT NULL, PRIMARY KEY (username, rolename) )
INSERT INTO USERROLE VALUES('andrea','service')
INSERT INTO USERROLE VALUES('andrea','programmer')
INSERT INTO USERROLE VALUES('joel','programmer')
COMMIT
  create table music_sys_tab ( invoice_id integer not null, user_id integer not null, download_id integer not null, lineitem_id integer not null)
INSERT INTO MUSIC_SYS_TAB VALUES(1,1,1,1)
COMMIT
DISCONNECT
/*C3*/SET SCHEMA PUBLIC
DISCONNECT
/*C4*/SET SCHEMA PUBLIC
DELETE FROM MUSIC_SYS_TAB WHERE INVOICE_ID=1 AND USER_ID=1 AND DOWNLOAD_ID=1 AND LINEITEM_ID=1
INSERT INTO MUSIC_SYS_TAB VALUES(1,2,1,1)
INSERT INTO SITE_USER VALUES(1,'radhika','Patel','r.patel002@umb.edu',NULL,'null',NULL,NULL,NULL,NULL,NULL,NULL,NULL,NULL)
COMMIT
DELETE FROM SITE_USER WHERE USER_ID=1
INSERT INTO SITE_USER VALUES(1,'radhika','Patel','r.patel002@umb.edu',NULL,'bdhsbfdsfkheseh',NULL,NULL,NULL,NULL,NULL,NULL,NULL,NULL)
COMMIT
DELETE FROM MUSIC_SYS_TAB WHERE INVOICE_ID=1 AND USER_ID=2 AND DOWNLOAD_ID=1 AND LINEITEM_ID=1
INSERT INTO MUSIC_SYS_TAB VALUES(2,2,1,1)
INSERT INTO INVOICE VALUES(1,1,'2017-12-11 18:01:38.244000',12.95,'n')
DELETE FROM MUSIC_SYS_TAB WHERE INVOICE_ID=2 AND USER_ID=2 AND DOWNLOAD_ID=1 AND LINEITEM_ID=1
INSERT INTO MUSIC_SYS_TAB VALUES(2,2,1,2)
INSERT INTO LINEITEM VALUES(1,1,'pf01',0)
COMMIT
DISCONNECT
/*C5*/SET SCHEMA PUBLIC
DISCONNECT
/*C6*/SET SCHEMA PUBLIC
DELETE FROM MUSIC_SYS_TAB WHERE INVOICE_ID=2 AND USER_ID=2 AND DOWNLOAD_ID=1 AND LINEITEM_ID=2
INSERT INTO MUSIC_SYS_TAB VALUES(2,3,1,2)
INSERT INTO SITE_USER VALUES(2,'radhika','patel','r.patel@xyz.com',NULL,'null',NULL,NULL,NULL,NULL,NULL,NULL,NULL,NULL)
COMMIT
DELETE FROM SITE_USER WHERE USER_ID=2
INSERT INTO SITE_USER VALUES(2,'radhika','patel','r.patel@xyz.com',NULL,'xnjczndshkcj',NULL,NULL,NULL,NULL,NULL,NULL,NULL,NULL)
COMMIT
DELETE FROM MUSIC_SYS_TAB WHERE INVOICE_ID=2 AND USER_ID=3 AND DOWNLOAD_ID=1 AND LINEITEM_ID=2
INSERT INTO MUSIC_SYS_TAB VALUES(3,3,1,2)
INSERT INTO INVOICE VALUES(2,2,'2017-12-11 18:18:07.583000',12.95,'n')
DELETE FROM MUSIC_SYS_TAB WHERE INVOICE_ID=3 AND USER_ID=3 AND DOWNLOAD_ID=1 AND LINEITEM_ID=2
INSERT INTO MUSIC_SYS_TAB VALUES(3,3,1,3)
INSERT INTO LINEITEM VALUES(2,2,'pf01',0)
COMMIT
/*C7*/SET SCHEMA PUBLIC
DISCONNECT
/*C8*/SET SCHEMA PUBLIC
DELETE FROM MUSIC_SYS_TAB WHERE INVOICE_ID=3 AND USER_ID=3 AND DOWNLOAD_ID=1 AND LINEITEM_ID=3
INSERT INTO MUSIC_SYS_TAB VALUES(3,4,1,3)
INSERT INTO SITE_USER VALUES(3,'asafshd','xcWEDF','er.dspatel28@gmail.com',NULL,'null',NULL,NULL,NULL,NULL,NULL,NULL,NULL,NULL)
COMMIT
DELETE FROM SITE_USER WHERE USER_ID=3
INSERT INTO SITE_USER VALUES(3,'asafshd','xcWEDF','er.dspatel28@gmail.com',NULL,'6 Arizona Terrace, Apartment 4',NULL,NULL,NULL,NULL,NULL,NULL,NULL,NULL)
COMMIT
DELETE FROM MUSIC_SYS_TAB WHERE INVOICE_ID=3 AND USER_ID=4 AND DOWNLOAD_ID=1 AND LINEITEM_ID=3
INSERT INTO MUSIC_SYS_TAB VALUES(4,4,1,3)
INSERT INTO INVOICE VALUES(3,3,'2017-12-11 18:28:06.223000',12.95,'n')
DELETE FROM MUSIC_SYS_TAB WHERE INVOICE_ID=4 AND USER_ID=4 AND DOWNLOAD_ID=1 AND LINEITEM_ID=3
INSERT INTO MUSIC_SYS_TAB VALUES(4,4,1,4)
INSERT INTO LINEITEM VALUES(3,3,'pf01',0)
COMMIT
/*C9*/SET SCHEMA PUBLIC
DISCONNECT
/*C10*/SET SCHEMA PUBLIC
DELETE FROM MUSIC_SYS_TAB WHERE INVOICE_ID=4 AND USER_ID=4 AND DOWNLOAD_ID=1 AND LINEITEM_ID=4
INSERT INTO MUSIC_SYS_TAB VALUES(4,5,1,4)
INSERT INTO SITE_USER VALUES(4,'radhika','patel','VYT.@YH.COM',NULL,'null',NULL,NULL,NULL,NULL,NULL,NULL,NULL,NULL)
COMMIT
DELETE FROM SITE_USER WHERE USER_ID=4
INSERT INTO SITE_USER VALUES(4,'radhika','patel','VYT.@YH.COM',NULL,'JSHAJDHKUASHUDH',NULL,NULL,NULL,NULL,NULL,NULL,NULL,NULL)
COMMIT
DELETE FROM MUSIC_SYS_TAB WHERE INVOICE_ID=4 AND USER_ID=5 AND DOWNLOAD_ID=1 AND LINEITEM_ID=4
INSERT INTO MUSIC_SYS_TAB VALUES(5,5,1,4)
INSERT INTO INVOICE VALUES(4,4,'2017-12-11 18:31:36.909000',12.95,'n')
DELETE FROM MUSIC_SYS_TAB WHERE INVOICE_ID=5 AND USER_ID=5 AND DOWNLOAD_ID=1 AND LINEITEM_ID=4
INSERT INTO MUSIC_SYS_TAB VALUES(5,5,1,5)
INSERT INTO LINEITEM VALUES(4,4,'pf01',0)
COMMIT
/*C11*/SET SCHEMA PUBLIC
DISCONNECT
/*C12*/SET SCHEMA PUBLIC
DELETE FROM MUSIC_SYS_TAB WHERE INVOICE_ID=5 AND USER_ID=5 AND DOWNLOAD_ID=1 AND LINEITEM_ID=5
INSERT INTO MUSIC_SYS_TAB VALUES(5,6,1,5)
INSERT INTO SITE_USER VALUES(5,'radhika','patel','RE@TY.COM',NULL,'null',NULL,NULL,NULL,NULL,NULL,NULL,NULL,NULL)
COMMIT
DELETE FROM SITE_USER WHERE USER_ID=5
INSERT INTO SITE_USER VALUES(5,'radhika','patel','RE@TY.COM',NULL,'JKSACKJSADH',NULL,NULL,NULL,NULL,NULL,NULL,NULL,NULL)
COMMIT
DELETE FROM MUSIC_SYS_TAB WHERE INVOICE_ID=5 AND USER_ID=6 AND DOWNLOAD_ID=1 AND LINEITEM_ID=5
INSERT INTO MUSIC_SYS_TAB VALUES(6,6,1,5)
INSERT INTO INVOICE VALUES(5,5,'2017-12-11 18:39:09.135000',12.95,'n')
DELETE FROM MUSIC_SYS_TAB WHERE INVOICE_ID=6 AND USER_ID=6 AND DOWNLOAD_ID=1 AND LINEITEM_ID=5
INSERT INTO MUSIC_SYS_TAB VALUES(6,6,1,6)
INSERT INTO LINEITEM VALUES(5,5,'pf01',0)
COMMIT
/*C10*/DISCONNECT
/*C6*/DISCONNECT
/*C8*/DISCONNECT
/*C12*/DISCONNECT
/*C13*/SET SCHEMA PUBLIC
DISCONNECT
/*C14*/SET SCHEMA PUBLIC
DELETE FROM MUSIC_SYS_TAB WHERE INVOICE_ID=6 AND USER_ID=6 AND DOWNLOAD_ID=1 AND LINEITEM_ID=6
INSERT INTO MUSIC_SYS_TAB VALUES(6,7,1,6)
INSERT INTO SITE_USER VALUES(6,'radhika','patel','ERD@VXB.COM',NULL,'null',NULL,NULL,NULL,NULL,NULL,NULL,NULL,NULL)
COMMIT
DELETE FROM SITE_USER WHERE USER_ID=6
INSERT INTO SITE_USER VALUES(6,'radhika','patel','ERD@VXB.COM',NULL,'NMXZBCSABHC',NULL,NULL,NULL,NULL,NULL,NULL,NULL,NULL)
COMMIT
DELETE FROM MUSIC_SYS_TAB WHERE INVOICE_ID=6 AND USER_ID=7 AND DOWNLOAD_ID=1 AND LINEITEM_ID=6
INSERT INTO MUSIC_SYS_TAB VALUES(7,7,1,6)
INSERT INTO INVOICE VALUES(6,6,'2017-12-11 18:43:19.218000',12.95,'n')
DELETE FROM MUSIC_SYS_TAB WHERE INVOICE_ID=7 AND USER_ID=7 AND DOWNLOAD_ID=1 AND LINEITEM_ID=6
INSERT INTO MUSIC_SYS_TAB VALUES(7,7,1,7)
INSERT INTO LINEITEM VALUES(6,6,'pf01',0)
COMMIT
DELETE FROM MUSIC_SYS_TAB WHERE INVOICE_ID=7 AND USER_ID=7 AND DOWNLOAD_ID=1 AND LINEITEM_ID=7
INSERT INTO MUSIC_SYS_TAB VALUES(7,8,1,7)
INSERT INTO SITE_USER VALUES(7,'XAAS','XAS','zXCSAC@XCSA.COM',NULL,'null',NULL,NULL,NULL,NULL,NULL,NULL,NULL,NULL)
COMMIT
DELETE FROM SITE_USER WHERE USER_ID=7
INSERT INTO SITE_USER VALUES(7,'XAAS','XAS','zXCSAC@XCSA.COM',NULL,'SXDASD',NULL,NULL,NULL,NULL,NULL,NULL,NULL,NULL)
COMMIT
DELETE FROM MUSIC_SYS_TAB WHERE INVOICE_ID=7 AND USER_ID=8 AND DOWNLOAD_ID=1 AND LINEITEM_ID=7
INSERT INTO MUSIC_SYS_TAB VALUES(8,8,1,7)
INSERT INTO INVOICE VALUES(7,7,'2017-12-11 18:45:46.993000',12.95,'n')
DELETE FROM MUSIC_SYS_TAB WHERE INVOICE_ID=8 AND USER_ID=8 AND DOWNLOAD_ID=1 AND LINEITEM_ID=7
INSERT INTO MUSIC_SYS_TAB VALUES(8,8,1,8)
INSERT INTO LINEITEM VALUES(7,7,'pf01',0)
COMMIT
DELETE FROM SITE_USER WHERE USER_ID=7
INSERT INTO SITE_USER VALUES(7,'XAAS','XAS','zXCSAC@XCSA.COM',NULL,'SXDASD',NULL,NULL,NULL,NULL,NULL,NULL,NULL,NULL)
COMMIT
DELETE FROM MUSIC_SYS_TAB WHERE INVOICE_ID=8 AND USER_ID=8 AND DOWNLOAD_ID=1 AND LINEITEM_ID=8
INSERT INTO MUSIC_SYS_TAB VALUES(9,8,1,8)
INSERT INTO INVOICE VALUES(8,7,'2017-12-11 18:49:59.797000',0.00,'n')
COMMIT
DELETE FROM MUSIC_SYS_TAB WHERE INVOICE_ID=9 AND USER_ID=8 AND DOWNLOAD_ID=1 AND LINEITEM_ID=8
INSERT INTO MUSIC_SYS_TAB VALUES(10,8,1,8)
INSERT INTO INVOICE VALUES(9,6,'2017-12-11 18:53:25.515000',12.95,'n')
DELETE FROM MUSIC_SYS_TAB WHERE INVOICE_ID=10 AND USER_ID=8 AND DOWNLOAD_ID=1 AND LINEITEM_ID=8
INSERT INTO MUSIC_SYS_TAB VALUES(10,8,1,9)
INSERT INTO LINEITEM VALUES(8,9,'pf01',0)
COMMIT
DELETE FROM MUSIC_SYS_TAB WHERE INVOICE_ID=10 AND USER_ID=8 AND DOWNLOAD_ID=1 AND LINEITEM_ID=9
INSERT INTO MUSIC_SYS_TAB VALUES(11,8,1,9)
INSERT INTO INVOICE VALUES(10,6,'2017-12-11 18:54:22.691000',0.00,'n')
COMMIT
DELETE FROM MUSIC_SYS_TAB WHERE INVOICE_ID=11 AND USER_ID=8 AND DOWNLOAD_ID=1 AND LINEITEM_ID=9
INSERT INTO MUSIC_SYS_TAB VALUES(12,8,1,9)
INSERT INTO INVOICE VALUES(11,6,'2017-12-11 18:54:44.305000',14.95,'n')
DELETE FROM MUSIC_SYS_TAB WHERE INVOICE_ID=12 AND USER_ID=8 AND DOWNLOAD_ID=1 AND LINEITEM_ID=9
INSERT INTO MUSIC_SYS_TAB VALUES(12,8,1,10)
INSERT INTO LINEITEM VALUES(9,11,'8601',0)
COMMIT
/*C15*/SET SCHEMA PUBLIC
DISCONNECT
/*C16*/SET SCHEMA PUBLIC
DELETE FROM MUSIC_SYS_TAB WHERE INVOICE_ID=12 AND USER_ID=8 AND DOWNLOAD_ID=1 AND LINEITEM_ID=10
INSERT INTO MUSIC_SYS_TAB VALUES(12,9,1,10)
INSERT INTO SITE_USER VALUES(8,'SDGH','ASDSAD','SCSF@SAA.COM',NULL,'null',NULL,NULL,NULL,NULL,NULL,NULL,NULL,NULL)
COMMIT
DELETE FROM SITE_USER WHERE USER_ID=8
INSERT INTO SITE_USER VALUES(8,'SDGH','ASDSAD','SCSF@SAA.COM',NULL,'BASXBAXSHDXH',NULL,NULL,NULL,NULL,NULL,NULL,NULL,NULL)
COMMIT
/*C17*/SET SCHEMA PUBLIC
DISCONNECT
/*C18*/SET SCHEMA PUBLIC
DELETE FROM MUSIC_SYS_TAB WHERE INVOICE_ID=12 AND USER_ID=9 AND DOWNLOAD_ID=1 AND LINEITEM_ID=10
INSERT INTO MUSIC_SYS_TAB VALUES(12,10,1,10)
INSERT INTO SITE_USER VALUES(9,'sakjadfckah','kjshkhask','jsndjas@dbcbdh.com',NULL,'null',NULL,NULL,NULL,NULL,NULL,NULL,NULL,NULL)
COMMIT
DELETE FROM SITE_USER WHERE USER_ID=9
INSERT INTO SITE_USER VALUES(9,'sakjadfckah','kjshkhask','jsndjas@dbcbdh.com',NULL,'sbadashdJ',NULL,NULL,NULL,NULL,NULL,NULL,NULL,NULL)
COMMIT
DELETE FROM MUSIC_SYS_TAB WHERE INVOICE_ID=12 AND USER_ID=10 AND DOWNLOAD_ID=1 AND LINEITEM_ID=10
INSERT INTO MUSIC_SYS_TAB VALUES(13,10,1,10)
INSERT INTO INVOICE VALUES(12,9,'2017-12-11 19:00:22.012000',12.95,'n')
DELETE FROM MUSIC_SYS_TAB WHERE INVOICE_ID=13 AND USER_ID=10 AND DOWNLOAD_ID=1 AND LINEITEM_ID=10
INSERT INTO MUSIC_SYS_TAB VALUES(13,10,1,11)
INSERT INTO LINEITEM VALUES(10,12,'pf01',0)
COMMIT
DELETE FROM SITE_USER WHERE USER_ID=9
INSERT INTO SITE_USER VALUES(9,'sakjadfckah','kjshkhask','jsndjas@dbcbdh.com',NULL,'sbadashdJ',NULL,NULL,NULL,NULL,NULL,NULL,NULL,NULL)
COMMIT
DELETE FROM MUSIC_SYS_TAB WHERE INVOICE_ID=13 AND USER_ID=10 AND DOWNLOAD_ID=1 AND LINEITEM_ID=11
INSERT INTO MUSIC_SYS_TAB VALUES(14,10,1,11)
INSERT INTO INVOICE VALUES(13,9,'2017-12-11 19:00:58.712000',0.00,'n')
COMMIT
/*C16*/DISCONNECT
/*C14*/DISCONNECT
/*C18*/DISCONNECT
/*C19*/SET SCHEMA PUBLIC
DISCONNECT
/*C20*/SET SCHEMA PUBLIC
DELETE FROM MUSIC_SYS_TAB WHERE INVOICE_ID=14 AND USER_ID=10 AND DOWNLOAD_ID=1 AND LINEITEM_ID=11
INSERT INTO MUSIC_SYS_TAB VALUES(14,11,1,11)
INSERT INTO SITE_USER VALUES(10,'radhika','patel','trf@dbbdb.com',NULL,'null',NULL,NULL,NULL,NULL,NULL,NULL,NULL,NULL)
COMMIT
DELETE FROM SITE_USER WHERE USER_ID=10
INSERT INTO SITE_USER VALUES(10,'radhika','patel','trf@dbbdb.com',NULL,'nsanxkan',NULL,NULL,NULL,NULL,NULL,NULL,NULL,NULL)
COMMIT
DELETE FROM MUSIC_SYS_TAB WHERE INVOICE_ID=14 AND USER_ID=11 AND DOWNLOAD_ID=1 AND LINEITEM_ID=11
INSERT INTO MUSIC_SYS_TAB VALUES(15,11,1,11)
INSERT INTO INVOICE VALUES(14,10,'2017-12-11 20:06:01.493000',12.95,'n')
DELETE FROM MUSIC_SYS_TAB WHERE INVOICE_ID=15 AND USER_ID=11 AND DOWNLOAD_ID=1 AND LINEITEM_ID=11
INSERT INTO MUSIC_SYS_TAB VALUES(15,11,1,12)
INSERT INTO LINEITEM VALUES(11,14,'pf01',0)
COMMIT
DELETE FROM MUSIC_SYS_TAB WHERE INVOICE_ID=15 AND USER_ID=11 AND DOWNLOAD_ID=1 AND LINEITEM_ID=12
INSERT INTO MUSIC_SYS_TAB VALUES(15,12,1,12)
INSERT INTO SITE_USER VALUES(11,'asacas','sdd','www@sss.com',NULL,'null',NULL,NULL,NULL,NULL,NULL,NULL,NULL,NULL)
COMMIT
DELETE FROM SITE_USER WHERE USER_ID=11
INSERT INTO SITE_USER VALUES(11,'asacas','sdd','www@sss.com',NULL,'saca',NULL,NULL,NULL,NULL,NULL,NULL,NULL,NULL)
COMMIT
DELETE FROM MUSIC_SYS_TAB WHERE INVOICE_ID=15 AND USER_ID=12 AND DOWNLOAD_ID=1 AND LINEITEM_ID=12
INSERT INTO MUSIC_SYS_TAB VALUES(16,12,1,12)
INSERT INTO INVOICE VALUES(15,11,'2017-12-11 20:07:24.510000',14.95,'n')
DELETE FROM MUSIC_SYS_TAB WHERE INVOICE_ID=16 AND USER_ID=12 AND DOWNLOAD_ID=1 AND LINEITEM_ID=12
INSERT INTO MUSIC_SYS_TAB VALUES(16,12,1,13)
INSERT INTO LINEITEM VALUES(12,15,'8601',0)
COMMIT
/*C21*/SET SCHEMA PUBLIC
DISCONNECT
/*C22*/SET SCHEMA PUBLIC
DELETE FROM MUSIC_SYS_TAB WHERE INVOICE_ID=16 AND USER_ID=12 AND DOWNLOAD_ID=1 AND LINEITEM_ID=13
INSERT INTO MUSIC_SYS_TAB VALUES(16,13,1,13)
INSERT INTO SITE_USER VALUES(12,'zln','mZX','saljcsaj@nsmannx.com',NULL,'null',NULL,NULL,NULL,NULL,NULL,NULL,NULL,NULL)
COMMIT
DELETE FROM SITE_USER WHERE USER_ID=12
INSERT INTO SITE_USER VALUES(12,'zln','mZX','saljcsaj@nsmannx.com',NULL,'skjncnsjk',NULL,NULL,NULL,NULL,NULL,NULL,NULL,NULL)
COMMIT
/*C23*/SET SCHEMA PUBLIC
DISCONNECT
/*C24*/SET SCHEMA PUBLIC
DELETE FROM MUSIC_SYS_TAB WHERE INVOICE_ID=16 AND USER_ID=13 AND DOWNLOAD_ID=1 AND LINEITEM_ID=13
INSERT INTO MUSIC_SYS_TAB VALUES(16,14,1,13)
INSERT INTO SITE_USER VALUES(13,'xcsacs','saxqsx','saxqsw@dcdc.com',NULL,'null',NULL,NULL,NULL,NULL,NULL,NULL,NULL,NULL)
COMMIT
DELETE FROM SITE_USER WHERE USER_ID=13
INSERT INTO SITE_USER VALUES(13,'xcsacs','saxqsx','saxqsw@dcdc.com',NULL,'asdwqd',NULL,NULL,NULL,NULL,NULL,NULL,NULL,NULL)
COMMIT
/*C25*/SET SCHEMA PUBLIC
DISCONNECT
/*C26*/SET SCHEMA PUBLIC
DELETE FROM SITE_USER WHERE USER_ID=13
INSERT INTO SITE_USER VALUES(13,'xcsacs','saxqsx','saxqsw@dcdc.com',NULL,'asdwqd',NULL,NULL,NULL,NULL,NULL,NULL,NULL,NULL)
COMMIT
DELETE FROM MUSIC_SYS_TAB WHERE INVOICE_ID=16 AND USER_ID=14 AND DOWNLOAD_ID=1 AND LINEITEM_ID=13
INSERT INTO MUSIC_SYS_TAB VALUES(17,14,1,13)
INSERT INTO INVOICE VALUES(16,13,'2017-12-11 22:46:45.585000',14.95,'n')
DELETE FROM MUSIC_SYS_TAB WHERE INVOICE_ID=17 AND USER_ID=14 AND DOWNLOAD_ID=1 AND LINEITEM_ID=13
INSERT INTO MUSIC_SYS_TAB VALUES(17,14,1,14)
INSERT INTO LINEITEM VALUES(13,16,'8601',0)
COMMIT
/*C27*/SET SCHEMA PUBLIC
DISCONNECT
/*C28*/SET SCHEMA PUBLIC
DELETE FROM MUSIC_SYS_TAB WHERE INVOICE_ID=17 AND USER_ID=14 AND DOWNLOAD_ID=1 AND LINEITEM_ID=14
INSERT INTO MUSIC_SYS_TAB VALUES(17,15,1,14)
INSERT INTO SITE_USER VALUES(14,'radhi','Patel','rdy@umb.edu',NULL,'null',NULL,NULL,NULL,NULL,NULL,NULL,NULL,NULL)
COMMIT
DELETE FROM SITE_USER WHERE USER_ID=14
INSERT INTO SITE_USER VALUES(14,'radhi','Patel','rdy@umb.edu',NULL,'USA',NULL,NULL,NULL,NULL,NULL,NULL,NULL,NULL)
COMMIT
/*C29*/SET SCHEMA PUBLIC
DISCONNECT
/*C30*/SET SCHEMA PUBLIC
DELETE FROM MUSIC_SYS_TAB WHERE INVOICE_ID=17 AND USER_ID=15 AND DOWNLOAD_ID=1 AND LINEITEM_ID=14
INSERT INTO MUSIC_SYS_TAB VALUES(17,16,1,14)
INSERT INTO SITE_USER VALUES(15,'rd','rd','rdw@tr.com',NULL,'null',NULL,NULL,NULL,NULL,NULL,NULL,NULL,NULL)
COMMIT
DELETE FROM SITE_USER WHERE USER_ID=15
INSERT INTO SITE_USER VALUES(15,'rd','rd','rdw@tr.com',NULL,'ddddd',NULL,NULL,NULL,NULL,NULL,NULL,NULL,NULL)
COMMIT
/*C31*/SET SCHEMA PUBLIC
DISCONNECT
/*C32*/SET SCHEMA PUBLIC
DELETE FROM SITE_USER WHERE USER_ID=15
INSERT INTO SITE_USER VALUES(15,'rd','rd','rdw@tr.com',NULL,'ddddd',NULL,NULL,NULL,NULL,NULL,NULL,NULL,NULL)
COMMIT
/*C33*/SET SCHEMA PUBLIC
DISCONNECT
/*C34*/SET SCHEMA PUBLIC
DELETE FROM MUSIC_SYS_TAB WHERE INVOICE_ID=17 AND USER_ID=16 AND DOWNLOAD_ID=1 AND LINEITEM_ID=14
INSERT INTO MUSIC_SYS_TAB VALUES(17,17,1,14)
INSERT INTO SITE_USER VALUES(16,'rd','sss','eee@dd',NULL,'null',NULL,NULL,NULL,NULL,NULL,NULL,NULL,NULL)
COMMIT
DELETE FROM SITE_USER WHERE USER_ID=16
INSERT INTO SITE_USER VALUES(16,'rd','sss','eee@dd',NULL,'sss',NULL,NULL,NULL,NULL,NULL,NULL,NULL,NULL)
COMMIT
/*C35*/SET SCHEMA PUBLIC
DISCONNECT
/*C36*/SET SCHEMA PUBLIC
DELETE FROM MUSIC_SYS_TAB WHERE INVOICE_ID=17 AND USER_ID=17 AND DOWNLOAD_ID=1 AND LINEITEM_ID=14
INSERT INTO MUSIC_SYS_TAB VALUES(17,18,1,14)
INSERT INTO SITE_USER VALUES(17,'rd','rd','rd@gmail.com',NULL,'null',NULL,NULL,NULL,NULL,NULL,NULL,NULL,NULL)
COMMIT
DELETE FROM SITE_USER WHERE USER_ID=17
INSERT INTO SITE_USER VALUES(17,'rd','rd','rd@gmail.com',NULL,'ddddd',NULL,NULL,NULL,NULL,NULL,NULL,NULL,NULL)
COMMIT
/*C37*/SET SCHEMA PUBLIC
DISCONNECT
/*C38*/SET SCHEMA PUBLIC
DELETE FROM MUSIC_SYS_TAB WHERE INVOICE_ID=17 AND USER_ID=18 AND DOWNLOAD_ID=1 AND LINEITEM_ID=14
INSERT INTO MUSIC_SYS_TAB VALUES(17,19,1,14)
INSERT INTO SITE_USER VALUES(18,'rd','rd','ssss@ss.com',NULL,'null',NULL,NULL,NULL,NULL,NULL,NULL,NULL,NULL)
COMMIT
DELETE FROM SITE_USER WHERE USER_ID=18
INSERT INTO SITE_USER VALUES(18,'rd','rd','ssss@ss.com',NULL,'ddddd',NULL,NULL,NULL,NULL,NULL,NULL,NULL,NULL)
COMMIT
DELETE FROM SITE_USER WHERE USER_ID=18
INSERT INTO SITE_USER VALUES(18,'rd','rd','ssss@ss.com',NULL,'ddddd',NULL,NULL,NULL,NULL,NULL,NULL,NULL,NULL)
COMMIT
/*C39*/SET SCHEMA PUBLIC
DISCONNECT
/*C40*/SET SCHEMA PUBLIC
DELETE FROM MUSIC_SYS_TAB WHERE INVOICE_ID=17 AND USER_ID=19 AND DOWNLOAD_ID=1 AND LINEITEM_ID=14
INSERT INTO MUSIC_SYS_TAB VALUES(17,20,1,14)
INSERT INTO SITE_USER VALUES(19,'rd','zxcxc','zxcxzc@zxcxc',NULL,'null',NULL,NULL,NULL,NULL,NULL,NULL,NULL,NULL)
COMMIT
DELETE FROM SITE_USER WHERE USER_ID=19
INSERT INTO SITE_USER VALUES(19,'rd','zxcxc','zxcxzc@zxcxc',NULL,'xzcxzczx',NULL,NULL,NULL,NULL,NULL,NULL,NULL,NULL)
COMMIT
DELETE FROM SITE_USER WHERE USER_ID=19
INSERT INTO SITE_USER VALUES(19,'rd','zxcxc','zxcxzc@zxcxc',NULL,'xzcxzczx',NULL,NULL,NULL,NULL,NULL,NULL,NULL,NULL)
COMMIT
DELETE FROM SITE_USER WHERE USER_ID=19
INSERT INTO SITE_USER VALUES(19,'rd','zxcxc','zxcxzc@zxcxc',NULL,'xzcxzczx',NULL,NULL,NULL,NULL,NULL,NULL,NULL,NULL)
COMMIT
DELETE FROM MUSIC_SYS_TAB WHERE INVOICE_ID=17 AND USER_ID=20 AND DOWNLOAD_ID=1 AND LINEITEM_ID=14
INSERT INTO MUSIC_SYS_TAB VALUES(17,20,2,14)
INSERT INTO DOWNLOAD VALUES(1,'zxcxzc@zxcxc','2017-12-12 00:57:26.770000',1)
COMMIT
DELETE FROM MUSIC_SYS_TAB WHERE INVOICE_ID=17 AND USER_ID=20 AND DOWNLOAD_ID=2 AND LINEITEM_ID=14
INSERT INTO MUSIC_SYS_TAB VALUES(17,20,3,14)
INSERT INTO DOWNLOAD VALUES(2,'zxcxzc@zxcxc','2017-12-12 00:57:26.883000',1)
COMMIT
DELETE FROM MUSIC_SYS_TAB WHERE INVOICE_ID=17 AND USER_ID=20 AND DOWNLOAD_ID=3 AND LINEITEM_ID=14
INSERT INTO MUSIC_SYS_TAB VALUES(17,20,4,14)
INSERT INTO DOWNLOAD VALUES(3,'zxcxzc@zxcxc','2017-12-12 01:00:38.555000',1)
COMMIT
/*C26*/DISCONNECT
/*C36*/DISCONNECT
/*C20*/DISCONNECT
/*C40*/DISCONNECT
/*C38*/DISCONNECT
/*C30*/DISCONNECT
/*C22*/DISCONNECT
/*C24*/DISCONNECT
/*C28*/DISCONNECT
/*C34*/DISCONNECT
/*C32*/DISCONNECT
/*C41*/SET SCHEMA PUBLIC
DISCONNECT
/*C43*/SET SCHEMA PUBLIC
DISCONNECT
/*C45*/SET SCHEMA PUBLIC
DISCONNECT
/*C47*/SET SCHEMA PUBLIC
DISCONNECT
/*C49*/SET SCHEMA PUBLIC
 drop table download
 drop table track
 drop table lineitem
 drop table product
 drop table invoice
 drop table site_user
 drop table userpass
 drop table userrole
 drop table music_sys_tab
DISCONNECT
/*C50*/SET SCHEMA PUBLIC
  CREATE TABLE product( product_id INT NOT NULL, product_code VARCHAR(10) NOT NULL, product_description VARCHAR(100) NOT NULL, product_price DECIMAL(10,2) NOT NULL, UNIQUE (product_code), PRIMARY KEY (product_id) )
INSERT INTO PRODUCT VALUES(1,'8601','86 (the band) - True Life Songs and Pictures',14.95)
INSERT INTO PRODUCT VALUES(2,'pf01','Paddlefoot - The first CD',12.95)
INSERT INTO PRODUCT VALUES(3,'pf02','Paddlefoot - The second CD',14.95)
INSERT INTO PRODUCT VALUES(4,'jr01','Joe Rut - Genuine Wood Grained Finish',14.95)
COMMIT
  CREATE TABLE track ( track_id INT NOT NULL PRIMARY KEY, product_id INT NOT NULL, track_number INT NOT NULL, title varchar(100) NOT NULL, sample_filename varchar(100) NOT NULL, FOREIGN KEY (product_id) REFERENCES product (product_id), UNIQUE (product_id, track_number) )
INSERT INTO TRACK VALUES(1,1,2,'You Are a Star','star.mp3')
INSERT INTO TRACK VALUES(2,1,3,'Don''t Make No Difference','no_difference.mp3')
INSERT INTO TRACK VALUES(3,2,2,'Whiskey Before Breakfast','whiskey.mp3')
INSERT INTO TRACK VALUES(4,2,6,'64 Corvair, Part 2','corvair.mp3')
INSERT INTO TRACK VALUES(5,3,1,'Neon Lights','neon.mp3')
INSERT INTO TRACK VALUES(6,3,3,'Tank Hill','tank.mp3')
INSERT INTO TRACK VALUES(7,4,1,'Filter','filter.mp3')
INSERT INTO TRACK VALUES(8,4,5,'So Long Lazy Ray','so_long.mp3')
COMMIT
  CREATE TABLE download ( download_id INT NOT NULL, email_address VARCHAR(50) NOT NULL, download_date TIMESTAMP NOT NULL, track_id INT NOT NULL, PRIMARY KEY (download_id), FOREIGN KEY (track_id) REFERENCES track (track_id) )
   CREATE TABLE site_user ( user_id INT NOT NULL, firstname VARCHAR(50) NOT NULL, lastname VARCHAR(50) NOT NULL, email_address VARCHAR(50) NOT NULL, company_name VARCHAR(50), address1 VARCHAR(50), address2 VARCHAR(50), city VARCHAR(50), state VARCHAR(50), zip VARCHAR(50), country VARCHAR(50), creditcard_type VARCHAR(50), creditcard_number VARCHAR(50), creditcard_expirationdate VARCHAR(50), UNIQUE(email_address), PRIMARY KEY (user_id) )
  CREATE TABLE invoice( invoice_id INT NOT NULL, user_id INT NOT NULL, invoice_date TIMESTAMP NOT NULL, total_amount DECIMAL(10,2) NOT NULL, is_processed CHAR(1) NOT NULL, PRIMARY KEY (invoice_id), FOREIGN KEY (user_id) REFERENCES site_user (user_id) )
  CREATE TABLE lineitem( lineitem_id INT NOT NULL, invoice_id INT NOT NULL, product_code VARCHAR(10) NOT NULL, quantity INT NOT NULL, PRIMARY KEY (lineitem_id), FOREIGN KEY (invoice_id) REFERENCES invoice (invoice_id) )
  CREATE TABLE userpass ( username varchar(15) NOT NULL PRIMARY KEY, password varchar(15) NOT NULL )
INSERT INTO USERPASS VALUES('andrea','sesame')
INSERT INTO USERPASS VALUES('joel','sesame')
INSERT INTO USERPASS VALUES('anne','sesame')
COMMIT
  CREATE TABLE userrole ( username VARCHAR(15) NOT NULL, rolename VARCHAR(15) NOT NULL, PRIMARY KEY (username, rolename) )
INSERT INTO USERROLE VALUES('andrea','service')
INSERT INTO USERROLE VALUES('andrea','programmer')
INSERT INTO USERROLE VALUES('joel','programmer')
COMMIT
  create table music_sys_tab ( invoice_id integer not null, user_id integer not null, download_id integer not null, lineitem_id integer not null)
INSERT INTO MUSIC_SYS_TAB VALUES(1,1,1,1)
COMMIT
DISCONNECT
/*C51*/SET SCHEMA PUBLIC
DISCONNECT
/*C52*/SET SCHEMA PUBLIC
DISCONNECT
/*C44*/SET SCHEMA PUBLIC
DISCONNECT
/*C42*/SET SCHEMA PUBLIC
DISCONNECT
/*C46*/SET SCHEMA PUBLIC
DISCONNECT
/*C48*/SET SCHEMA PUBLIC
DISCONNECT
/*C53*/SET SCHEMA PUBLIC
DISCONNECT
/*C54*/SET SCHEMA PUBLIC
DISCONNECT
/*C55*/SET SCHEMA PUBLIC
DISCONNECT
/*C56*/SET SCHEMA PUBLIC
DELETE FROM MUSIC_SYS_TAB WHERE INVOICE_ID=1 AND USER_ID=1 AND DOWNLOAD_ID=1 AND LINEITEM_ID=1
INSERT INTO MUSIC_SYS_TAB VALUES(1,2,1,1)
INSERT INTO SITE_USER VALUES(1,'rd','rd','rdw@tr.com',NULL,'null',NULL,NULL,NULL,NULL,NULL,NULL,NULL,NULL)
COMMIT
DELETE FROM SITE_USER WHERE USER_ID=1
INSERT INTO SITE_USER VALUES(1,'rd','rd','rdw@tr.com',NULL,'ssss',NULL,NULL,NULL,NULL,NULL,NULL,NULL,NULL)
COMMIT
DELETE FROM MUSIC_SYS_TAB WHERE INVOICE_ID=1 AND USER_ID=2 AND DOWNLOAD_ID=1 AND LINEITEM_ID=1
INSERT INTO MUSIC_SYS_TAB VALUES(2,2,1,1)
INSERT INTO INVOICE VALUES(1,1,'2017-12-12 02:32:47.445000',89.70,'n')
DELETE FROM MUSIC_SYS_TAB WHERE INVOICE_ID=2 AND USER_ID=2 AND DOWNLOAD_ID=1 AND LINEITEM_ID=1
INSERT INTO MUSIC_SYS_TAB VALUES(2,2,1,2)
INSERT INTO LINEITEM VALUES(1,1,'jr01',0)
DELETE FROM MUSIC_SYS_TAB WHERE INVOICE_ID=2 AND USER_ID=2 AND DOWNLOAD_ID=1 AND LINEITEM_ID=2
INSERT INTO MUSIC_SYS_TAB VALUES(2,2,1,3)
INSERT INTO LINEITEM VALUES(2,1,'8601',0)
COMMIT
DELETE FROM SITE_USER WHERE USER_ID=1
INSERT INTO SITE_USER VALUES(1,'rd','rd','rdw@tr.com',NULL,'ssss',NULL,NULL,NULL,NULL,NULL,NULL,NULL,NULL)
COMMIT
DELETE FROM MUSIC_SYS_TAB WHERE INVOICE_ID=2 AND USER_ID=2 AND DOWNLOAD_ID=1 AND LINEITEM_ID=3
INSERT INTO MUSIC_SYS_TAB VALUES(3,2,1,3)
INSERT INTO INVOICE VALUES(2,1,'2017-12-12 02:37:37.022000',0.00,'n')
COMMIT
DELETE FROM MUSIC_SYS_TAB WHERE INVOICE_ID=3 AND USER_ID=2 AND DOWNLOAD_ID=1 AND LINEITEM_ID=3
INSERT INTO MUSIC_SYS_TAB VALUES(4,2,1,3)
INSERT INTO INVOICE VALUES(3,1,'2017-12-12 02:56:41.448000',14.95,'n')
DELETE FROM MUSIC_SYS_TAB WHERE INVOICE_ID=4 AND USER_ID=2 AND DOWNLOAD_ID=1 AND LINEITEM_ID=3
INSERT INTO MUSIC_SYS_TAB VALUES(4,2,1,4)
INSERT INTO LINEITEM VALUES(3,3,'8601',0)
COMMIT
DISCONNECT
/*C57*/SET SCHEMA PUBLIC
DISCONNECT
/*C58*/SET SCHEMA PUBLIC
DISCONNECT
/*C59*/SET SCHEMA PUBLIC
DISCONNECT
/*C60*/SET SCHEMA PUBLIC
DELETE FROM LINEITEM WHERE LINEITEM_ID=1
DELETE FROM LINEITEM WHERE LINEITEM_ID=2
DELETE FROM LINEITEM WHERE LINEITEM_ID=3
COMMIT
DELETE FROM INVOICE WHERE INVOICE_ID=1
DELETE FROM INVOICE WHERE INVOICE_ID=2
DELETE FROM INVOICE WHERE INVOICE_ID=3
COMMIT
DELETE FROM SITE_USER WHERE USER_ID=1
COMMIT
DELETE FROM MUSIC_SYS_TAB WHERE INVOICE_ID=4 AND USER_ID=2 AND DOWNLOAD_ID=1 AND LINEITEM_ID=4
INSERT INTO MUSIC_SYS_TAB VALUES(1,1,1,1)
COMMIT
DELETE FROM MUSIC_SYS_TAB WHERE INVOICE_ID=1 AND USER_ID=1 AND DOWNLOAD_ID=1 AND LINEITEM_ID=1
INSERT INTO MUSIC_SYS_TAB VALUES(1,1,1,1)
COMMIT
DELETE FROM MUSIC_SYS_TAB WHERE INVOICE_ID=1 AND USER_ID=1 AND DOWNLOAD_ID=1 AND LINEITEM_ID=1
INSERT INTO MUSIC_SYS_TAB VALUES(1,2,1,1)
INSERT INTO SITE_USER VALUES(1,'joe','smith','joe@cs.umb.edu',NULL,'null',NULL,NULL,NULL,NULL,NULL,NULL,NULL,NULL)
COMMIT
DELETE FROM MUSIC_SYS_TAB WHERE INVOICE_ID=1 AND USER_ID=2 AND DOWNLOAD_ID=1 AND LINEITEM_ID=1
INSERT INTO MUSIC_SYS_TAB VALUES(1,3,1,1)
INSERT INTO SITE_USER VALUES(2,'sue','cohen','sue@cs.umb.edu',NULL,'null',NULL,NULL,NULL,NULL,NULL,NULL,NULL,NULL)
COMMIT
DELETE FROM MUSIC_SYS_TAB WHERE INVOICE_ID=1 AND USER_ID=3 AND DOWNLOAD_ID=1 AND LINEITEM_ID=1
INSERT INTO MUSIC_SYS_TAB VALUES(1,3,2,1)
INSERT INTO DOWNLOAD VALUES(1,'joe@cs.umb.edu','2017-12-12 05:04:36.256000',7)
COMMIT
DELETE FROM SITE_USER WHERE USER_ID=2
INSERT INTO SITE_USER VALUES(2,'sue','cohen','sue@cs.umb.edu',NULL,'100_Main',NULL,NULL,NULL,NULL,NULL,NULL,NULL,NULL)
COMMIT
DELETE FROM MUSIC_SYS_TAB WHERE INVOICE_ID=1 AND USER_ID=3 AND DOWNLOAD_ID=2 AND LINEITEM_ID=1
INSERT INTO MUSIC_SYS_TAB VALUES(2,3,2,1)
INSERT INTO INVOICE VALUES(1,2,'2017-12-12 05:04:36.329000',12.95,'n')
DELETE FROM MUSIC_SYS_TAB WHERE INVOICE_ID=2 AND USER_ID=3 AND DOWNLOAD_ID=2 AND LINEITEM_ID=1
INSERT INTO MUSIC_SYS_TAB VALUES(2,3,2,2)
INSERT INTO LINEITEM VALUES(1,1,'pf01',0)
COMMIT
DISCONNECT
